********************************************************************************
product = Open Liberty 20.0.0.12 (wlp-1.0.47.cl201220201111-0736)
wlp.install.dir = F:/apps/guide-rest-intro/start/target/liberty/wlp/
java.home = F:\apps\jdk-9.0.4
java.version = 9.0.4
java.runtime = OpenJDK Runtime Environment (9.0.4+11)
os = Windows 7 (6.1; amd64) (en_GB)
process = 4964@HoneyBadger
********************************************************************************
[18/01/2021, 17:14:23:554 GMT] 00000001 com.ibm.ws.kernel.launch.internal.FrameworkManager           A CWWKE0001I: The server defaultServer has been launched.
[18/01/2021, 17:14:25:217 GMT] 00000017 com.ibm.ws.config.xml.internal.ServerXMLConfiguration        A CWWKG0093A: Processing configuration drop-ins resource: F:\apps\guide-rest-intro\start\target\liberty\wlp\usr\servers\defaultServer\configDropins\overrides\liberty-plugin-variable-config.xml
[18/01/2021, 17:14:25:750 GMT] 00000001 com.ibm.ws.kernel.launch.internal.FrameworkManager           I CWWKE0002I: The kernel started after 2.641 seconds
[18/01/2021, 17:14:25:791 GMT] 00000021 com.ibm.ws.kernel.feature.internal.FeatureManager            I CWWKF0007I: Feature update started.
[18/01/2021, 17:14:26:262 GMT] 00000019 g.apache.cxf.cxf.core.3.2:1.0.47.cl201220201111-0736(id=95)] I Aries Blueprint packages not available. So namespaces will not be registered
[18/01/2021, 17:14:26:591 GMT] 00000016 com.ibm.ws.app.manager.internal.monitor.DropinMonitor        A CWWKZ0058I: Monitoring dropins for applications.
[18/01/2021, 17:14:28:553 GMT] 00000022 com.ibm.ws.app.manager.AppMessageHelper                      I CWWKZ0018I: Starting application guide-rest-intro.
[18/01/2021, 17:14:28:553 GMT] 00000022 bm.ws.app.manager.war.internal.WARDeployedAppInfoFactoryImpl I CWWKZ0134I: The guide-rest-intro application is using the loose application definition at the F:\apps\guide-rest-intro\start\target\liberty\wlp\usr\servers\defaultServer\apps\guide-rest-intro.war.xml location.
[18/01/2021, 17:14:29:443 GMT] 00000022 com.ibm.ws.session.WASSessionCore                            I SESN8501I: The session manager did not find a persistent storage location; HttpSession objects will be stored in the local application server's memory.
[18/01/2021, 17:14:29:460 GMT] 00000022 com.ibm.ws.webcontainer.osgi.webapp.WebGroup                 I SRVE0169I: Loading Web Module: Liberty Project.
[18/01/2021, 17:14:29:462 GMT] 00000022 com.ibm.ws.webcontainer                                      I SRVE0250I: Web Module Liberty Project has been bound to default_host.
[18/01/2021, 17:14:29:463 GMT] 00000022 com.ibm.ws.http.internal.VirtualHostImpl                     A CWWKT0016I: Web application available (default_host): http://honeybadger:9080/LibertyProject/
[18/01/2021, 17:14:29:555 GMT] 00000028 com.ibm.ws.session.WASSessionCore                            I SESN0176I: A new session context will be created for application key default_host/LibertyProject
[18/01/2021, 17:14:29:564 GMT] 00000028 com.ibm.ws.util                                              I SESN0172I: The session manager is using the Java default SecureRandom implementation for session ID generation.
[18/01/2021, 17:14:29:607 GMT] 00000029 com.ibm.ws.webcontainer.osgi.mbeans.PluginGenerator          I SRVE9103I: A configuration file for a web server plugin was automatically generated for this server at F:\apps\guide-rest-intro\start\target\liberty\wlp\usr\servers\defaultServer\logs\state\plugin-cfg.xml.
[18/01/2021, 17:14:29:627 GMT] 00000028 com.ibm.ws.app.manager.AppMessageHelper                      A CWWKZ0001I: Application guide-rest-intro started in 1.074 seconds.
[18/01/2021, 17:14:29:661 GMT] 00000021 com.ibm.ws.tcpchannel.internal.TCPPort                       I CWWKO0219I: TCP Channel defaultHttpEndpoint has been started and is now listening for requests on host *  (IPv6) port 9080.
[18/01/2021, 17:14:29:685 GMT] 00000021 com.ibm.ws.kernel.feature.internal.FeatureManager            A CWWKF0012I: The server installed the following features: [jaxrs-2.1, jaxrsClient-2.1, jsonp-1.1, servlet-4.0].
[18/01/2021, 17:14:29:685 GMT] 00000021 com.ibm.ws.kernel.feature.internal.FeatureManager            I CWWKF0008I: Feature update completed in 3.935 seconds.
[18/01/2021, 17:14:29:685 GMT] 00000021 com.ibm.ws.kernel.feature.internal.FeatureManager            A CWWKF0011I: The defaultServer server is ready to run a smarter planet. The defaultServer server started in 6.578 seconds.
[18/01/2021, 17:16:55:027 GMT] 00000031 g.apache.cxf.cxf.core.3.2:1.0.47.cl201220201111-0736(id=95)] I Setting the server's publish address to be /System/
[18/01/2021, 17:16:55:127 GMT] 00000031 com.ibm.ws.webcontainer.servlet                              I SRVE0242I: [guide-rest-intro] [/LibertyProject] [io.openliberty.guides.rest.SystemApplication]: Initialization successful.
[18/01/2021, 17:26:35:228 GMT] 00000032 com.ibm.ws.http.internal.VirtualHostImpl                     A CWWKT0017I: Web application removed (default_host): http://honeybadger:9080/LibertyProject/
[18/01/2021, 17:26:35:232 GMT] 00000032 com.ibm.ws.webcontainer.servlet                              I SRVE0253I: [guide-rest-intro] [/LibertyProject] [io.openliberty.guides.rest.SystemApplication]: Destroy successful.
[18/01/2021, 17:26:35:296 GMT] 00000032 com.ibm.ws.app.manager.AppMessageHelper                      A CWWKZ0009I: The application guide-rest-intro has stopped successfully.
[18/01/2021, 17:26:35:299 GMT] 00000032 com.ibm.ws.app.manager.AppMessageHelper                      I CWWKZ0018I: Starting application guide-rest-intro.
[18/01/2021, 17:26:35:300 GMT] 00000032 bm.ws.app.manager.war.internal.WARDeployedAppInfoFactoryImpl I CWWKZ0134I: The guide-rest-intro application is using the loose application definition at the F:\apps\guide-rest-intro\start\target\liberty\wlp\usr\servers\defaultServer\apps\guide-rest-intro.war.xml location.
[18/01/2021, 17:26:35:337 GMT] 00000032 com.ibm.ws.webcontainer.osgi.webapp.WebGroup                 I SRVE0169I: Loading Web Module: Liberty Project.
[18/01/2021, 17:26:35:337 GMT] 00000032 com.ibm.ws.webcontainer                                      I SRVE0250I: Web Module Liberty Project has been bound to default_host.
[18/01/2021, 17:26:35:337 GMT] 00000032 com.ibm.ws.http.internal.VirtualHostImpl                     A CWWKT0016I: Web application available (default_host): http://honeybadger:9080/LibertyProject/
[18/01/2021, 17:26:35:338 GMT] 00000032 com.ibm.ws.session.WASSessionCore                            I SESN0176I: A new session context will be created for application key default_host/LibertyProject
[18/01/2021, 17:26:35:339 GMT] 00000032 com.ibm.ws.util                                              I SESN0172I: The session manager is using the Java default SecureRandom implementation for session ID generation.
[18/01/2021, 17:26:35:340 GMT] 00000032 com.ibm.ws.app.manager.AppMessageHelper                      A CWWKZ0003I: The application guide-rest-intro updated in 0.041 seconds.
[18/01/2021, 17:26:35:638 GMT] 0000003b com.ibm.ws.webcontainer.osgi.mbeans.PluginGenerator          I SRVE9103I: A configuration file for a web server plugin was automatically generated for this server at F:\apps\guide-rest-intro\start\target\liberty\wlp\usr\servers\defaultServer\logs\state\plugin-cfg.xml.
[18/01/2021, 17:26:35:735 GMT] 00000039 com.ibm.ws.webcontainer.osgi.mbeans.PluginGenerator          I SRVE9103I: A configuration file for a web server plugin was automatically generated for this server at F:\apps\guide-rest-intro\start\target\liberty\wlp\usr\servers\defaultServer\logs\state\plugin-cfg.xml.
[18/01/2021, 17:31:48:399 GMT] 00000039 com.ibm.ws.http.internal.VirtualHostImpl                     A CWWKT0017I: Web application removed (default_host): http://honeybadger:9080/LibertyProject/
[18/01/2021, 17:31:48:402 GMT] 00000039 com.ibm.ws.app.manager.AppMessageHelper                      A CWWKZ0009I: The application guide-rest-intro has stopped successfully.
[18/01/2021, 17:31:48:409 GMT] 00000039 com.ibm.ws.app.manager.AppMessageHelper                      I CWWKZ0018I: Starting application guide-rest-intro.
[18/01/2021, 17:31:48:410 GMT] 00000039 bm.ws.app.manager.war.internal.WARDeployedAppInfoFactoryImpl I CWWKZ0134I: The guide-rest-intro application is using the loose application definition at the F:\apps\guide-rest-intro\start\target\liberty\wlp\usr\servers\defaultServer\apps\guide-rest-intro.war.xml location.
[18/01/2021, 17:31:48:468 GMT] 00000039 com.ibm.ws.webcontainer.osgi.webapp.WebGroup                 I SRVE0169I: Loading Web Module: Liberty Project.
[18/01/2021, 17:31:48:468 GMT] 00000039 com.ibm.ws.webcontainer                                      I SRVE0250I: Web Module Liberty Project has been bound to default_host.
[18/01/2021, 17:31:48:468 GMT] 00000039 com.ibm.ws.http.internal.VirtualHostImpl                     A CWWKT0016I: Web application available (default_host): http://honeybadger:9080/LibertyProject/
[18/01/2021, 17:31:48:473 GMT] 00000035 com.ibm.ws.session.WASSessionCore                            I SESN0176I: A new session context will be created for application key default_host/LibertyProject
[18/01/2021, 17:31:48:474 GMT] 00000035 com.ibm.ws.util                                              I SESN0172I: The session manager is using the Java default SecureRandom implementation for session ID generation.
[18/01/2021, 17:31:48:476 GMT] 00000035 com.ibm.ws.app.manager.AppMessageHelper                      A CWWKZ0003I: The application guide-rest-intro updated in 0.066 seconds.
[18/01/2021, 17:31:48:577 GMT] 0000003f com.ibm.ws.webcontainer.osgi.mbeans.PluginGenerator          I SRVE9103I: A configuration file for a web server plugin was automatically generated for this server at F:\apps\guide-rest-intro\start\target\liberty\wlp\usr\servers\defaultServer\logs\state\plugin-cfg.xml.
[18/01/2021, 17:31:48:674 GMT] 00000039 com.ibm.ws.webcontainer.osgi.mbeans.PluginGenerator          I SRVE9103I: A configuration file for a web server plugin was automatically generated for this server at F:\apps\guide-rest-intro\start\target\liberty\wlp\usr\servers\defaultServer\logs\state\plugin-cfg.xml.
[18/01/2021, 17:33:14:696 GMT] 0000003b com.ibm.ws.http.internal.VirtualHostImpl                     A CWWKT0017I: Web application removed (default_host): http://honeybadger:9080/LibertyProject/
[18/01/2021, 17:33:14:699 GMT] 0000003b com.ibm.ws.app.manager.AppMessageHelper                      A CWWKZ0009I: The application guide-rest-intro has stopped successfully.
[18/01/2021, 17:33:14:703 GMT] 0000003b com.ibm.ws.app.manager.AppMessageHelper                      I CWWKZ0018I: Starting application guide-rest-intro.
[18/01/2021, 17:33:14:703 GMT] 0000003b bm.ws.app.manager.war.internal.WARDeployedAppInfoFactoryImpl I CWWKZ0134I: The guide-rest-intro application is using the loose application definition at the F:\apps\guide-rest-intro\start\target\liberty\wlp\usr\servers\defaultServer\apps\guide-rest-intro.war.xml location.
[18/01/2021, 17:33:14:724 GMT] 0000003b com.ibm.ws.webcontainer.osgi.webapp.WebGroup                 I SRVE0169I: Loading Web Module: Liberty Project.
[18/01/2021, 17:33:14:725 GMT] 0000003b com.ibm.ws.webcontainer                                      I SRVE0250I: Web Module Liberty Project has been bound to default_host.
[18/01/2021, 17:33:14:725 GMT] 0000003b com.ibm.ws.http.internal.VirtualHostImpl                     A CWWKT0016I: Web application available (default_host): http://honeybadger:9080/LibertyProject/
[18/01/2021, 17:33:14:727 GMT] 0000003c com.ibm.ws.session.WASSessionCore                            I SESN0176I: A new session context will be created for application key default_host/LibertyProject
[18/01/2021, 17:33:14:728 GMT] 0000003c com.ibm.ws.util                                              I SESN0172I: The session manager is using the Java default SecureRandom implementation for session ID generation.
[18/01/2021, 17:33:14:729 GMT] 0000003b com.ibm.ws.app.manager.AppMessageHelper                      A CWWKZ0003I: The application guide-rest-intro updated in 0.026 seconds.
[18/01/2021, 17:33:14:850 GMT] 00000041 com.ibm.ws.webcontainer.osgi.mbeans.PluginGenerator          I SRVE9103I: A configuration file for a web server plugin was automatically generated for this server at F:\apps\guide-rest-intro\start\target\liberty\wlp\usr\servers\defaultServer\logs\state\plugin-cfg.xml.
[18/01/2021, 17:33:14:966 GMT] 0000003c com.ibm.ws.webcontainer.osgi.mbeans.PluginGenerator          I SRVE9103I: A configuration file for a web server plugin was automatically generated for this server at F:\apps\guide-rest-intro\start\target\liberty\wlp\usr\servers\defaultServer\logs\state\plugin-cfg.xml.
[18/01/2021, 17:33:30:172 GMT] 00000039 com.ibm.ws.http.internal.VirtualHostImpl                     A CWWKT0017I: Web application removed (default_host): http://honeybadger:9080/LibertyProject/
[18/01/2021, 17:33:30:176 GMT] 00000039 com.ibm.ws.app.manager.AppMessageHelper                      A CWWKZ0009I: The application guide-rest-intro has stopped successfully.
[18/01/2021, 17:33:30:180 GMT] 00000039 com.ibm.ws.app.manager.AppMessageHelper                      I CWWKZ0018I: Starting application guide-rest-intro.
[18/01/2021, 17:33:30:180 GMT] 00000039 bm.ws.app.manager.war.internal.WARDeployedAppInfoFactoryImpl I CWWKZ0134I: The guide-rest-intro application is using the loose application definition at the F:\apps\guide-rest-intro\start\target\liberty\wlp\usr\servers\defaultServer\apps\guide-rest-intro.war.xml location.
[18/01/2021, 17:33:30:262 GMT] 00000039 com.ibm.ws.webcontainer.osgi.webapp.WebGroup                 I SRVE0169I: Loading Web Module: Liberty Project.
[18/01/2021, 17:33:30:263 GMT] 00000039 com.ibm.ws.webcontainer                                      I SRVE0250I: Web Module Liberty Project has been bound to default_host.
[18/01/2021, 17:33:30:263 GMT] 00000039 com.ibm.ws.http.internal.VirtualHostImpl                     A CWWKT0016I: Web application available (default_host): http://honeybadger:9080/LibertyProject/
[18/01/2021, 17:33:30:272 GMT] 0000003b com.ibm.ws.session.WASSessionCore                            I SESN0176I: A new session context will be created for application key default_host/LibertyProject
[18/01/2021, 17:33:30:273 GMT] 0000003b com.ibm.ws.util                                              I SESN0172I: The session manager is using the Java default SecureRandom implementation for session ID generation.
[18/01/2021, 17:33:30:275 GMT] 0000003b com.ibm.ws.app.manager.AppMessageHelper                      A CWWKZ0003I: The application guide-rest-intro updated in 0.095 seconds.
[18/01/2021, 17:33:30:442 GMT] 00000035 com.ibm.ws.webcontainer.osgi.mbeans.PluginGenerator          I SRVE9103I: A configuration file for a web server plugin was automatically generated for this server at F:\apps\guide-rest-intro\start\target\liberty\wlp\usr\servers\defaultServer\logs\state\plugin-cfg.xml.
[18/01/2021, 17:33:30:575 GMT] 00000039 com.ibm.ws.webcontainer.osgi.mbeans.PluginGenerator          I SRVE9103I: A configuration file for a web server plugin was automatically generated for this server at F:\apps\guide-rest-intro\start\target\liberty\wlp\usr\servers\defaultServer\logs\state\plugin-cfg.xml.
[18/01/2021, 17:38:47:392 GMT] 00000039 com.ibm.ws.http.internal.VirtualHostImpl                     A CWWKT0017I: Web application removed (default_host): http://honeybadger:9080/LibertyProject/
[18/01/2021, 17:38:47:406 GMT] 00000039 com.ibm.ws.app.manager.AppMessageHelper                      A CWWKZ0009I: The application guide-rest-intro has stopped successfully.
[18/01/2021, 17:38:47:410 GMT] 00000039 com.ibm.ws.app.manager.AppMessageHelper                      I CWWKZ0018I: Starting application guide-rest-intro.
[18/01/2021, 17:38:47:410 GMT] 00000039 bm.ws.app.manager.war.internal.WARDeployedAppInfoFactoryImpl I CWWKZ0134I: The guide-rest-intro application is using the loose application definition at the F:\apps\guide-rest-intro\start\target\liberty\wlp\usr\servers\defaultServer\apps\guide-rest-intro.war.xml location.
[18/01/2021, 17:38:47:522 GMT] 00000039 com.ibm.ws.webcontainer.osgi.webapp.WebGroup                 I SRVE0169I: Loading Web Module: Liberty Project.
[18/01/2021, 17:38:47:522 GMT] 00000039 com.ibm.ws.webcontainer                                      I SRVE0250I: Web Module Liberty Project has been bound to default_host.
[18/01/2021, 17:38:47:523 GMT] 00000039 com.ibm.ws.http.internal.VirtualHostImpl                     A CWWKT0016I: Web application available (default_host): http://honeybadger:9080/LibertyProject/
[18/01/2021, 17:38:47:526 GMT] 00000031 com.ibm.ws.session.WASSessionCore                            I SESN0176I: A new session context will be created for application key default_host/LibertyProject
[18/01/2021, 17:38:47:527 GMT] 00000031 com.ibm.ws.util                                              I SESN0172I: The session manager is using the Java default SecureRandom implementation for session ID generation.
[18/01/2021, 17:38:47:530 GMT] 00000031 com.ibm.ws.app.manager.AppMessageHelper                      A CWWKZ0003I: The application guide-rest-intro updated in 0.120 seconds.
[18/01/2021, 17:38:47:633 GMT] 0000003b com.ibm.ws.webcontainer.osgi.mbeans.PluginGenerator          I SRVE9103I: A configuration file for a web server plugin was automatically generated for this server at F:\apps\guide-rest-intro\start\target\liberty\wlp\usr\servers\defaultServer\logs\state\plugin-cfg.xml.
[18/01/2021, 17:38:48:000 GMT] 00000039 com.ibm.ws.webcontainer.osgi.mbeans.PluginGenerator          I SRVE9103I: A configuration file for a web server plugin was automatically generated for this server at F:\apps\guide-rest-intro\start\target\liberty\wlp\usr\servers\defaultServer\logs\state\plugin-cfg.xml.
[18/01/2021, 17:43:57:092 GMT] 00000031 com.ibm.ws.http.internal.VirtualHostImpl                     A CWWKT0017I: Web application removed (default_host): http://honeybadger:9080/LibertyProject/
[18/01/2021, 17:43:57:095 GMT] 00000031 com.ibm.ws.app.manager.AppMessageHelper                      A CWWKZ0009I: The application guide-rest-intro has stopped successfully.
[18/01/2021, 17:43:57:098 GMT] 00000031 com.ibm.ws.app.manager.AppMessageHelper                      I CWWKZ0018I: Starting application guide-rest-intro.
[18/01/2021, 17:43:57:098 GMT] 00000031 bm.ws.app.manager.war.internal.WARDeployedAppInfoFactoryImpl I CWWKZ0134I: The guide-rest-intro application is using the loose application definition at the F:\apps\guide-rest-intro\start\target\liberty\wlp\usr\servers\defaultServer\apps\guide-rest-intro.war.xml location.
[18/01/2021, 17:43:57:120 GMT] 00000031 com.ibm.ws.webcontainer.osgi.webapp.WebGroup                 I SRVE0169I: Loading Web Module: Liberty Project.
[18/01/2021, 17:43:57:120 GMT] 00000031 com.ibm.ws.webcontainer                                      I SRVE0250I: Web Module Liberty Project has been bound to default_host.
[18/01/2021, 17:43:57:120 GMT] 00000031 com.ibm.ws.http.internal.VirtualHostImpl                     A CWWKT0016I: Web application available (default_host): http://honeybadger:9080/LibertyProject/
[18/01/2021, 17:43:57:121 GMT] 0000003b com.ibm.ws.session.WASSessionCore                            I SESN0176I: A new session context will be created for application key default_host/LibertyProject
[18/01/2021, 17:43:57:122 GMT] 0000003b com.ibm.ws.util                                              I SESN0172I: The session manager is using the Java default SecureRandom implementation for session ID generation.
[18/01/2021, 17:43:57:123 GMT] 0000003b com.ibm.ws.app.manager.AppMessageHelper                      A CWWKZ0003I: The application guide-rest-intro updated in 0.025 seconds.
[18/01/2021, 17:43:57:242 GMT] 0000003c com.ibm.ws.webcontainer.osgi.mbeans.PluginGenerator          I SRVE9103I: A configuration file for a web server plugin was automatically generated for this server at F:\apps\guide-rest-intro\start\target\liberty\wlp\usr\servers\defaultServer\logs\state\plugin-cfg.xml.
[18/01/2021, 17:43:57:438 GMT] 00000031 com.ibm.ws.webcontainer.osgi.mbeans.PluginGenerator          I SRVE9103I: A configuration file for a web server plugin was automatically generated for this server at F:\apps\guide-rest-intro\start\target\liberty\wlp\usr\servers\defaultServer\logs\state\plugin-cfg.xml.
[18/01/2021, 17:51:26:466 GMT] 0000003c com.ibm.ws.http.internal.VirtualHostImpl                     A CWWKT0017I: Web application removed (default_host): http://honeybadger:9080/LibertyProject/
[18/01/2021, 17:51:26:476 GMT] 0000003c com.ibm.ws.app.manager.AppMessageHelper                      A CWWKZ0009I: The application guide-rest-intro has stopped successfully.
[18/01/2021, 17:51:26:482 GMT] 0000003c com.ibm.ws.app.manager.AppMessageHelper                      I CWWKZ0018I: Starting application guide-rest-intro.
[18/01/2021, 17:51:26:483 GMT] 0000003c bm.ws.app.manager.war.internal.WARDeployedAppInfoFactoryImpl I CWWKZ0134I: The guide-rest-intro application is using the loose application definition at the F:\apps\guide-rest-intro\start\target\liberty\wlp\usr\servers\defaultServer\apps\guide-rest-intro.war.xml location.
[18/01/2021, 17:51:26:554 GMT] 0000003c com.ibm.ws.webcontainer.osgi.webapp.WebGroup                 I SRVE0169I: Loading Web Module: Liberty Project.
[18/01/2021, 17:51:26:554 GMT] 0000003c com.ibm.ws.webcontainer                                      I SRVE0250I: Web Module Liberty Project has been bound to default_host.
[18/01/2021, 17:51:26:554 GMT] 0000003c com.ibm.ws.http.internal.VirtualHostImpl                     A CWWKT0016I: Web application available (default_host): http://honeybadger:9080/LibertyProject/
[18/01/2021, 17:51:26:558 GMT] 0000003c com.ibm.ws.session.WASSessionCore                            I SESN0176I: A new session context will be created for application key default_host/LibertyProject
[18/01/2021, 17:51:26:558 GMT] 0000003c com.ibm.ws.util                                              I SESN0172I: The session manager is using the Java default SecureRandom implementation for session ID generation.
[18/01/2021, 17:51:26:559 GMT] 0000003c com.ibm.ws.app.manager.AppMessageHelper                      A CWWKZ0003I: The application guide-rest-intro updated in 0.077 seconds.
[18/01/2021, 17:51:26:686 GMT] 00000049 com.ibm.ws.webcontainer.osgi.mbeans.PluginGenerator          I SRVE9103I: A configuration file for a web server plugin was automatically generated for this server at F:\apps\guide-rest-intro\start\target\liberty\wlp\usr\servers\defaultServer\logs\state\plugin-cfg.xml.
[18/01/2021, 17:51:26:780 GMT] 0000004e com.ibm.ws.webcontainer.osgi.mbeans.PluginGenerator          I SRVE9103I: A configuration file for a web server plugin was automatically generated for this server at F:\apps\guide-rest-intro\start\target\liberty\wlp\usr\servers\defaultServer\logs\state\plugin-cfg.xml.
[18/01/2021, 18:10:22:164 GMT] 00000056 com.ibm.ws.http.internal.VirtualHostImpl                     A CWWKT0017I: Web application removed (default_host): http://honeybadger:9080/LibertyProject/
[18/01/2021, 18:10:22:167 GMT] 00000056 com.ibm.ws.app.manager.AppMessageHelper                      A CWWKZ0009I: The application guide-rest-intro has stopped successfully.
[18/01/2021, 18:10:22:170 GMT] 00000056 com.ibm.ws.app.manager.AppMessageHelper                      I CWWKZ0018I: Starting application guide-rest-intro.
[18/01/2021, 18:10:22:171 GMT] 00000056 bm.ws.app.manager.war.internal.WARDeployedAppInfoFactoryImpl I CWWKZ0134I: The guide-rest-intro application is using the loose application definition at the F:\apps\guide-rest-intro\start\target\liberty\wlp\usr\servers\defaultServer\apps\guide-rest-intro.war.xml location.
[18/01/2021, 18:10:22:191 GMT] 00000056 com.ibm.ws.webcontainer.osgi.webapp.WebGroup                 I SRVE0169I: Loading Web Module: Liberty Project.
[18/01/2021, 18:10:22:191 GMT] 00000056 com.ibm.ws.webcontainer                                      I SRVE0250I: Web Module Liberty Project has been bound to default_host.
[18/01/2021, 18:10:22:192 GMT] 00000056 com.ibm.ws.http.internal.VirtualHostImpl                     A CWWKT0016I: Web application available (default_host): http://honeybadger:9080/LibertyProject/
[18/01/2021, 18:10:22:193 GMT] 00000050 com.ibm.ws.session.WASSessionCore                            I SESN0176I: A new session context will be created for application key default_host/LibertyProject
[18/01/2021, 18:10:22:193 GMT] 00000050 com.ibm.ws.util                                              I SESN0172I: The session manager is using the Java default SecureRandom implementation for session ID generation.
[18/01/2021, 18:10:22:195 GMT] 00000050 com.ibm.ws.app.manager.AppMessageHelper                      A CWWKZ0003I: The application guide-rest-intro updated in 0.025 seconds.
[18/01/2021, 18:10:22:281 GMT] 00000053 com.ibm.ws.webcontainer.osgi.mbeans.PluginGenerator          I SRVE9103I: A configuration file for a web server plugin was automatically generated for this server at F:\apps\guide-rest-intro\start\target\liberty\wlp\usr\servers\defaultServer\logs\state\plugin-cfg.xml.
[18/01/2021, 18:10:22:419 GMT] 00000056 com.ibm.ws.webcontainer.osgi.mbeans.PluginGenerator          I SRVE9103I: A configuration file for a web server plugin was automatically generated for this server at F:\apps\guide-rest-intro\start\target\liberty\wlp\usr\servers\defaultServer\logs\state\plugin-cfg.xml.
[18/01/2021, 18:16:53:911 GMT] 00000056 com.ibm.ws.http.internal.VirtualHostImpl                     A CWWKT0017I: Web application removed (default_host): http://honeybadger:9080/LibertyProject/
[18/01/2021, 18:16:53:914 GMT] 00000056 com.ibm.ws.app.manager.AppMessageHelper                      A CWWKZ0009I: The application guide-rest-intro has stopped successfully.
[18/01/2021, 18:16:53:917 GMT] 00000056 com.ibm.ws.app.manager.AppMessageHelper                      I CWWKZ0018I: Starting application guide-rest-intro.
[18/01/2021, 18:16:53:917 GMT] 00000056 bm.ws.app.manager.war.internal.WARDeployedAppInfoFactoryImpl I CWWKZ0134I: The guide-rest-intro application is using the loose application definition at the F:\apps\guide-rest-intro\start\target\liberty\wlp\usr\servers\defaultServer\apps\guide-rest-intro.war.xml location.
[18/01/2021, 18:16:53:972 GMT] 00000056 com.ibm.ws.webcontainer.osgi.webapp.WebGroup                 I SRVE0169I: Loading Web Module: Liberty Project.
[18/01/2021, 18:16:53:972 GMT] 00000056 com.ibm.ws.webcontainer                                      I SRVE0250I: Web Module Liberty Project has been bound to default_host.
[18/01/2021, 18:16:53:972 GMT] 00000056 com.ibm.ws.http.internal.VirtualHostImpl                     A CWWKT0016I: Web application available (default_host): http://honeybadger:9080/LibertyProject/
[18/01/2021, 18:16:53:975 GMT] 00000056 com.ibm.ws.session.WASSessionCore                            I SESN0176I: A new session context will be created for application key default_host/LibertyProject
[18/01/2021, 18:16:53:975 GMT] 00000056 com.ibm.ws.util                                              I SESN0172I: The session manager is using the Java default SecureRandom implementation for session ID generation.
[18/01/2021, 18:16:53:977 GMT] 00000056 com.ibm.ws.app.manager.AppMessageHelper                      A CWWKZ0003I: The application guide-rest-intro updated in 0.060 seconds.
[18/01/2021, 18:16:54:044 GMT] 00000071 com.ibm.ws.webcontainer.osgi.mbeans.PluginGenerator          I SRVE9103I: A configuration file for a web server plugin was automatically generated for this server at F:\apps\guide-rest-intro\start\target\liberty\wlp\usr\servers\defaultServer\logs\state\plugin-cfg.xml.
[18/01/2021, 18:16:54:147 GMT] 00000072 com.ibm.ws.webcontainer.osgi.mbeans.PluginGenerator          I SRVE9103I: A configuration file for a web server plugin was automatically generated for this server at F:\apps\guide-rest-intro\start\target\liberty\wlp\usr\servers\defaultServer\logs\state\plugin-cfg.xml.
[18/01/2021, 18:25:10:421 GMT] 00000064 com.ibm.ws.http.internal.VirtualHostImpl                     A CWWKT0017I: Web application removed (default_host): http://honeybadger:9080/LibertyProject/
[18/01/2021, 18:25:10:424 GMT] 00000064 com.ibm.ws.app.manager.AppMessageHelper                      A CWWKZ0009I: The application guide-rest-intro has stopped successfully.
[18/01/2021, 18:25:10:428 GMT] 00000064 com.ibm.ws.app.manager.AppMessageHelper                      I CWWKZ0018I: Starting application guide-rest-intro.
[18/01/2021, 18:25:10:428 GMT] 00000064 bm.ws.app.manager.war.internal.WARDeployedAppInfoFactoryImpl I CWWKZ0134I: The guide-rest-intro application is using the loose application definition at the F:\apps\guide-rest-intro\start\target\liberty\wlp\usr\servers\defaultServer\apps\guide-rest-intro.war.xml location.
[18/01/2021, 18:25:10:460 GMT] 00000064 com.ibm.ws.webcontainer.osgi.webapp.WebGroup                 I SRVE0169I: Loading Web Module: Liberty Project.
[18/01/2021, 18:25:10:460 GMT] 00000064 com.ibm.ws.webcontainer                                      I SRVE0250I: Web Module Liberty Project has been bound to default_host.
[18/01/2021, 18:25:10:460 GMT] 00000064 com.ibm.ws.http.internal.VirtualHostImpl                     A CWWKT0016I: Web application available (default_host): http://honeybadger:9080/LibertyProject/
[18/01/2021, 18:25:10:462 GMT] 00000064 com.ibm.ws.session.WASSessionCore                            I SESN0176I: A new session context will be created for application key default_host/LibertyProject
[18/01/2021, 18:25:10:462 GMT] 00000064 com.ibm.ws.util                                              I SESN0172I: The session manager is using the Java default SecureRandom implementation for session ID generation.
[18/01/2021, 18:25:10:470 GMT] 00000064 com.ibm.ws.app.manager.AppMessageHelper                      A CWWKZ0003I: The application guide-rest-intro updated in 0.042 seconds.
[18/01/2021, 18:25:10:572 GMT] 00000056 com.ibm.ws.webcontainer.osgi.mbeans.PluginGenerator          I SRVE9103I: A configuration file for a web server plugin was automatically generated for this server at F:\apps\guide-rest-intro\start\target\liberty\wlp\usr\servers\defaultServer\logs\state\plugin-cfg.xml.
[18/01/2021, 18:25:10:673 GMT] 00000072 com.ibm.ws.webcontainer.osgi.mbeans.PluginGenerator          I SRVE9103I: A configuration file for a web server plugin was automatically generated for this server at F:\apps\guide-rest-intro\start\target\liberty\wlp\usr\servers\defaultServer\logs\state\plugin-cfg.xml.
[18/01/2021, 18:50:37:678 GMT] 0000007e com.ibm.ws.http.internal.VirtualHostImpl                     A CWWKT0017I: Web application removed (default_host): http://honeybadger:9080/LibertyProject/
[18/01/2021, 18:50:37:681 GMT] 0000007e com.ibm.ws.app.manager.AppMessageHelper                      A CWWKZ0009I: The application guide-rest-intro has stopped successfully.
[18/01/2021, 18:50:37:684 GMT] 0000007e com.ibm.ws.app.manager.AppMessageHelper                      I CWWKZ0018I: Starting application guide-rest-intro.
[18/01/2021, 18:50:37:684 GMT] 0000007e bm.ws.app.manager.war.internal.WARDeployedAppInfoFactoryImpl I CWWKZ0134I: The guide-rest-intro application is using the loose application definition at the F:\apps\guide-rest-intro\start\target\liberty\wlp\usr\servers\defaultServer\apps\guide-rest-intro.war.xml location.
[18/01/2021, 18:50:37:732 GMT] 0000007e com.ibm.ws.webcontainer.osgi.webapp.WebGroup                 I SRVE0169I: Loading Web Module: Liberty Project.
[18/01/2021, 18:50:37:733 GMT] 0000007e com.ibm.ws.webcontainer                                      I SRVE0250I: Web Module Liberty Project has been bound to default_host.
[18/01/2021, 18:50:37:733 GMT] 0000007e com.ibm.ws.http.internal.VirtualHostImpl                     A CWWKT0016I: Web application available (default_host): http://honeybadger:9080/LibertyProject/
[18/01/2021, 18:50:37:735 GMT] 0000007a com.ibm.ws.session.WASSessionCore                            I SESN0176I: A new session context will be created for application key default_host/LibertyProject
[18/01/2021, 18:50:37:735 GMT] 0000007a com.ibm.ws.util                                              I SESN0172I: The session manager is using the Java default SecureRandom implementation for session ID generation.
[18/01/2021, 18:50:37:737 GMT] 0000007a com.ibm.ws.app.manager.AppMessageHelper                      A CWWKZ0003I: The application guide-rest-intro updated in 0.053 seconds.
[18/01/2021, 18:50:37:814 GMT] 00000056 com.ibm.ws.webcontainer.osgi.mbeans.PluginGenerator          I SRVE9103I: A configuration file for a web server plugin was automatically generated for this server at F:\apps\guide-rest-intro\start\target\liberty\wlp\usr\servers\defaultServer\logs\state\plugin-cfg.xml.
[18/01/2021, 18:50:37:912 GMT] 00000053 com.ibm.ws.webcontainer.osgi.mbeans.PluginGenerator          I SRVE9103I: A configuration file for a web server plugin was automatically generated for this server at F:\apps\guide-rest-intro\start\target\liberty\wlp\usr\servers\defaultServer\logs\state\plugin-cfg.xml.
[18/01/2021, 18:53:06:716 GMT] 00000082 com.ibm.ws.http.internal.VirtualHostImpl                     A CWWKT0017I: Web application removed (default_host): http://honeybadger:9080/LibertyProject/
[18/01/2021, 18:53:06:720 GMT] 00000082 com.ibm.ws.app.manager.AppMessageHelper                      A CWWKZ0009I: The application guide-rest-intro has stopped successfully.
[18/01/2021, 18:53:06:724 GMT] 00000082 com.ibm.ws.app.manager.AppMessageHelper                      I CWWKZ0018I: Starting application guide-rest-intro.
[18/01/2021, 18:53:06:724 GMT] 00000082 bm.ws.app.manager.war.internal.WARDeployedAppInfoFactoryImpl I CWWKZ0134I: The guide-rest-intro application is using the loose application definition at the F:\apps\guide-rest-intro\start\target\liberty\wlp\usr\servers\defaultServer\apps\guide-rest-intro.war.xml location.
[18/01/2021, 18:53:06:755 GMT] 00000082 com.ibm.ws.webcontainer.osgi.webapp.WebGroup                 I SRVE0169I: Loading Web Module: Liberty Project.
[18/01/2021, 18:53:06:755 GMT] 00000082 com.ibm.ws.webcontainer                                      I SRVE0250I: Web Module Liberty Project has been bound to default_host.
[18/01/2021, 18:53:06:756 GMT] 00000082 com.ibm.ws.http.internal.VirtualHostImpl                     A CWWKT0016I: Web application available (default_host): http://honeybadger:9080/LibertyProject/
[18/01/2021, 18:53:06:759 GMT] 00000084 com.ibm.ws.session.WASSessionCore                            I SESN0176I: A new session context will be created for application key default_host/LibertyProject
[18/01/2021, 18:53:06:759 GMT] 00000084 com.ibm.ws.util                                              I SESN0172I: The session manager is using the Java default SecureRandom implementation for session ID generation.
[18/01/2021, 18:53:06:761 GMT] 00000084 com.ibm.ws.app.manager.AppMessageHelper                      A CWWKZ0003I: The application guide-rest-intro updated in 0.037 seconds.
[18/01/2021, 18:53:06:855 GMT] 0000007e com.ibm.ws.webcontainer.osgi.mbeans.PluginGenerator          I SRVE9103I: A configuration file for a web server plugin was automatically generated for this server at F:\apps\guide-rest-intro\start\target\liberty\wlp\usr\servers\defaultServer\logs\state\plugin-cfg.xml.
[18/01/2021, 18:53:06:958 GMT] 00000082 com.ibm.ws.webcontainer.osgi.mbeans.PluginGenerator          I SRVE9103I: A configuration file for a web server plugin was automatically generated for this server at F:\apps\guide-rest-intro\start\target\liberty\wlp\usr\servers\defaultServer\logs\state\plugin-cfg.xml.
[18/01/2021, 18:55:59:344 GMT] 00000087 com.ibm.ws.http.internal.VirtualHostImpl                     A CWWKT0017I: Web application removed (default_host): http://honeybadger:9080/LibertyProject/
[18/01/2021, 18:55:59:348 GMT] 00000087 com.ibm.ws.app.manager.AppMessageHelper                      A CWWKZ0009I: The application guide-rest-intro has stopped successfully.
[18/01/2021, 18:55:59:351 GMT] 00000087 com.ibm.ws.app.manager.AppMessageHelper                      I CWWKZ0018I: Starting application guide-rest-intro.
[18/01/2021, 18:55:59:351 GMT] 00000087 bm.ws.app.manager.war.internal.WARDeployedAppInfoFactoryImpl I CWWKZ0134I: The guide-rest-intro application is using the loose application definition at the F:\apps\guide-rest-intro\start\target\liberty\wlp\usr\servers\defaultServer\apps\guide-rest-intro.war.xml location.
[18/01/2021, 18:55:59:381 GMT] 00000087 com.ibm.ws.webcontainer.osgi.webapp.WebGroup                 I SRVE0169I: Loading Web Module: Liberty Project.
[18/01/2021, 18:55:59:382 GMT] 00000087 com.ibm.ws.webcontainer                                      I SRVE0250I: Web Module Liberty Project has been bound to default_host.
[18/01/2021, 18:55:59:382 GMT] 00000087 com.ibm.ws.http.internal.VirtualHostImpl                     A CWWKT0016I: Web application available (default_host): http://honeybadger:9080/LibertyProject/
[18/01/2021, 18:55:59:384 GMT] 00000087 com.ibm.ws.session.WASSessionCore                            I SESN0176I: A new session context will be created for application key default_host/LibertyProject
[18/01/2021, 18:55:59:384 GMT] 00000087 com.ibm.ws.util                                              I SESN0172I: The session manager is using the Java default SecureRandom implementation for session ID generation.
[18/01/2021, 18:55:59:385 GMT] 00000087 com.ibm.ws.app.manager.AppMessageHelper                      A CWWKZ0003I: The application guide-rest-intro updated in 0.034 seconds.
[18/01/2021, 18:55:59:481 GMT] 0000007e com.ibm.ws.webcontainer.osgi.mbeans.PluginGenerator          I SRVE9103I: A configuration file for a web server plugin was automatically generated for this server at F:\apps\guide-rest-intro\start\target\liberty\wlp\usr\servers\defaultServer\logs\state\plugin-cfg.xml.
[18/01/2021, 18:55:59:573 GMT] 0000008e com.ibm.ws.webcontainer.osgi.mbeans.PluginGenerator          I SRVE9103I: A configuration file for a web server plugin was automatically generated for this server at F:\apps\guide-rest-intro\start\target\liberty\wlp\usr\servers\defaultServer\logs\state\plugin-cfg.xml.
[18/01/2021, 19:05:46:193 GMT] 00000086 com.ibm.ws.http.internal.VirtualHostImpl                     A CWWKT0017I: Web application removed (default_host): http://honeybadger:9080/LibertyProject/
[18/01/2021, 19:05:46:197 GMT] 00000086 com.ibm.ws.app.manager.AppMessageHelper                      A CWWKZ0009I: The application guide-rest-intro has stopped successfully.
[18/01/2021, 19:05:46:202 GMT] 00000086 com.ibm.ws.app.manager.AppMessageHelper                      I CWWKZ0018I: Starting application guide-rest-intro.
[18/01/2021, 19:05:46:202 GMT] 00000086 bm.ws.app.manager.war.internal.WARDeployedAppInfoFactoryImpl I CWWKZ0134I: The guide-rest-intro application is using the loose application definition at the F:\apps\guide-rest-intro\start\target\liberty\wlp\usr\servers\defaultServer\apps\guide-rest-intro.war.xml location.
[18/01/2021, 19:05:46:221 GMT] 00000086 com.ibm.ws.webcontainer.osgi.webapp.WebGroup                 I SRVE0169I: Loading Web Module: Liberty Project.
[18/01/2021, 19:05:46:221 GMT] 00000086 com.ibm.ws.webcontainer                                      I SRVE0250I: Web Module Liberty Project has been bound to default_host.
[18/01/2021, 19:05:46:221 GMT] 00000086 com.ibm.ws.http.internal.VirtualHostImpl                     A CWWKT0016I: Web application available (default_host): http://honeybadger:9080/LibertyProject/
[18/01/2021, 19:05:46:222 GMT] 00000086 com.ibm.ws.session.WASSessionCore                            I SESN0176I: A new session context will be created for application key default_host/LibertyProject
[18/01/2021, 19:05:46:222 GMT] 00000086 com.ibm.ws.util                                              I SESN0172I: The session manager is using the Java default SecureRandom implementation for session ID generation.
[18/01/2021, 19:05:46:224 GMT] 00000086 com.ibm.ws.app.manager.AppMessageHelper                      A CWWKZ0003I: The application guide-rest-intro updated in 0.022 seconds.
[18/01/2021, 19:05:46:312 GMT] 0000009b com.ibm.ws.webcontainer.osgi.mbeans.PluginGenerator          I SRVE9103I: A configuration file for a web server plugin was automatically generated for this server at F:\apps\guide-rest-intro\start\target\liberty\wlp\usr\servers\defaultServer\logs\state\plugin-cfg.xml.
[18/01/2021, 19:05:46:431 GMT] 00000087 com.ibm.ws.webcontainer.osgi.mbeans.PluginGenerator          I SRVE9103I: A configuration file for a web server plugin was automatically generated for this server at F:\apps\guide-rest-intro\start\target\liberty\wlp\usr\servers\defaultServer\logs\state\plugin-cfg.xml.
[18/01/2021, 19:07:29:865 GMT] 0000009f com.ibm.ws.http.internal.VirtualHostImpl                     A CWWKT0017I: Web application removed (default_host): http://honeybadger:9080/LibertyProject/
[18/01/2021, 19:07:29:871 GMT] 0000009f com.ibm.ws.app.manager.AppMessageHelper                      A CWWKZ0009I: The application guide-rest-intro has stopped successfully.
[18/01/2021, 19:07:29:875 GMT] 0000009f com.ibm.ws.app.manager.AppMessageHelper                      I CWWKZ0018I: Starting application guide-rest-intro.
[18/01/2021, 19:07:29:875 GMT] 0000009f bm.ws.app.manager.war.internal.WARDeployedAppInfoFactoryImpl I CWWKZ0134I: The guide-rest-intro application is using the loose application definition at the F:\apps\guide-rest-intro\start\target\liberty\wlp\usr\servers\defaultServer\apps\guide-rest-intro.war.xml location.
[18/01/2021, 19:07:29:917 GMT] 0000009f com.ibm.ws.webcontainer.osgi.webapp.WebGroup                 I SRVE0169I: Loading Web Module: Liberty Project.
[18/01/2021, 19:07:29:919 GMT] 0000009f com.ibm.ws.webcontainer                                      I SRVE0250I: Web Module Liberty Project has been bound to default_host.
[18/01/2021, 19:07:29:919 GMT] 0000009f com.ibm.ws.http.internal.VirtualHostImpl                     A CWWKT0016I: Web application available (default_host): http://honeybadger:9080/LibertyProject/
[18/01/2021, 19:07:29:924 GMT] 0000009f com.ibm.ws.session.WASSessionCore                            I SESN0176I: A new session context will be created for application key default_host/LibertyProject
[18/01/2021, 19:07:29:924 GMT] 0000009f com.ibm.ws.util                                              I SESN0172I: The session manager is using the Java default SecureRandom implementation for session ID generation.
[18/01/2021, 19:07:29:925 GMT] 0000009f com.ibm.ws.app.manager.AppMessageHelper                      A CWWKZ0003I: The application guide-rest-intro updated in 0.050 seconds.
[18/01/2021, 19:07:30:041 GMT] 00000086 com.ibm.ws.webcontainer.osgi.mbeans.PluginGenerator          I SRVE9103I: A configuration file for a web server plugin was automatically generated for this server at F:\apps\guide-rest-intro\start\target\liberty\wlp\usr\servers\defaultServer\logs\state\plugin-cfg.xml.
[18/01/2021, 19:07:30:133 GMT] 0000009f com.ibm.ws.webcontainer.osgi.mbeans.PluginGenerator          I SRVE9103I: A configuration file for a web server plugin was automatically generated for this server at F:\apps\guide-rest-intro\start\target\liberty\wlp\usr\servers\defaultServer\logs\state\plugin-cfg.xml.
[18/01/2021, 19:12:44:566 GMT] 0000009f com.ibm.ws.http.internal.VirtualHostImpl                     A CWWKT0017I: Web application removed (default_host): http://honeybadger:9080/LibertyProject/
[18/01/2021, 19:12:44:568 GMT] 0000009f com.ibm.ws.app.manager.AppMessageHelper                      A CWWKZ0009I: The application guide-rest-intro has stopped successfully.
[18/01/2021, 19:12:44:570 GMT] 0000009f com.ibm.ws.app.manager.AppMessageHelper                      I CWWKZ0018I: Starting application guide-rest-intro.
[18/01/2021, 19:12:44:571 GMT] 0000009f bm.ws.app.manager.war.internal.WARDeployedAppInfoFactoryImpl I CWWKZ0134I: The guide-rest-intro application is using the loose application definition at the F:\apps\guide-rest-intro\start\target\liberty\wlp\usr\servers\defaultServer\apps\guide-rest-intro.war.xml location.
[18/01/2021, 19:12:44:589 GMT] 0000009f com.ibm.ws.webcontainer.osgi.webapp.WebGroup                 I SRVE0169I: Loading Web Module: Liberty Project.
[18/01/2021, 19:12:44:589 GMT] 0000009f com.ibm.ws.webcontainer                                      I SRVE0250I: Web Module Liberty Project has been bound to default_host.
[18/01/2021, 19:12:44:589 GMT] 0000009f com.ibm.ws.http.internal.VirtualHostImpl                     A CWWKT0016I: Web application available (default_host): http://honeybadger:9080/LibertyProject/
[18/01/2021, 19:12:44:590 GMT] 0000009f com.ibm.ws.session.WASSessionCore                            I SESN0176I: A new session context will be created for application key default_host/LibertyProject
[18/01/2021, 19:12:44:590 GMT] 0000009f com.ibm.ws.util                                              I SESN0172I: The session manager is using the Java default SecureRandom implementation for session ID generation.
[18/01/2021, 19:12:44:591 GMT] 0000009f com.ibm.ws.app.manager.AppMessageHelper                      A CWWKZ0003I: The application guide-rest-intro updated in 0.021 seconds.
[18/01/2021, 19:12:44:676 GMT] 00000080 com.ibm.ws.webcontainer.osgi.mbeans.PluginGenerator          I SRVE9103I: A configuration file for a web server plugin was automatically generated for this server at F:\apps\guide-rest-intro\start\target\liberty\wlp\usr\servers\defaultServer\logs\state\plugin-cfg.xml.
[18/01/2021, 19:12:44:766 GMT] 0000008b com.ibm.ws.webcontainer.osgi.mbeans.PluginGenerator          I SRVE9103I: A configuration file for a web server plugin was automatically generated for this server at F:\apps\guide-rest-intro\start\target\liberty\wlp\usr\servers\defaultServer\logs\state\plugin-cfg.xml.
[18/01/2021, 19:16:01:901 GMT] 0000009f com.ibm.ws.http.internal.VirtualHostImpl                     A CWWKT0017I: Web application removed (default_host): http://honeybadger:9080/LibertyProject/
[18/01/2021, 19:16:01:903 GMT] 0000009f com.ibm.ws.app.manager.AppMessageHelper                      A CWWKZ0009I: The application guide-rest-intro has stopped successfully.
[18/01/2021, 19:16:01:906 GMT] 0000009f com.ibm.ws.app.manager.AppMessageHelper                      I CWWKZ0018I: Starting application guide-rest-intro.
[18/01/2021, 19:16:01:906 GMT] 0000009f bm.ws.app.manager.war.internal.WARDeployedAppInfoFactoryImpl I CWWKZ0134I: The guide-rest-intro application is using the loose application definition at the F:\apps\guide-rest-intro\start\target\liberty\wlp\usr\servers\defaultServer\apps\guide-rest-intro.war.xml location.
[18/01/2021, 19:16:01:942 GMT] 0000009f com.ibm.ws.webcontainer.osgi.webapp.WebGroup                 I SRVE0169I: Loading Web Module: Liberty Project.
[18/01/2021, 19:16:01:942 GMT] 0000009f com.ibm.ws.webcontainer                                      I SRVE0250I: Web Module Liberty Project has been bound to default_host.
[18/01/2021, 19:16:01:942 GMT] 0000009f com.ibm.ws.http.internal.VirtualHostImpl                     A CWWKT0016I: Web application available (default_host): http://honeybadger:9080/LibertyProject/
[18/01/2021, 19:16:01:945 GMT] 0000008b com.ibm.ws.session.WASSessionCore                            I SESN0176I: A new session context will be created for application key default_host/LibertyProject
[18/01/2021, 19:16:01:946 GMT] 0000008b com.ibm.ws.util                                              I SESN0172I: The session manager is using the Java default SecureRandom implementation for session ID generation.
[18/01/2021, 19:16:01:949 GMT] 0000008b com.ibm.ws.app.manager.AppMessageHelper                      A CWWKZ0003I: The application guide-rest-intro updated in 0.043 seconds.
[18/01/2021, 19:16:02:033 GMT] 000000a2 com.ibm.ws.webcontainer.osgi.mbeans.PluginGenerator          I SRVE9103I: A configuration file for a web server plugin was automatically generated for this server at F:\apps\guide-rest-intro\start\target\liberty\wlp\usr\servers\defaultServer\logs\state\plugin-cfg.xml.
[18/01/2021, 19:16:02:121 GMT] 0000009f com.ibm.ws.webcontainer.osgi.mbeans.PluginGenerator          I SRVE9103I: A configuration file for a web server plugin was automatically generated for this server at F:\apps\guide-rest-intro\start\target\liberty\wlp\usr\servers\defaultServer\logs\state\plugin-cfg.xml.
[18/01/2021, 19:18:47:498 GMT] 000000a6 com.ibm.ws.http.internal.VirtualHostImpl                     A CWWKT0017I: Web application removed (default_host): http://honeybadger:9080/LibertyProject/
[18/01/2021, 19:18:47:502 GMT] 000000a6 com.ibm.ws.app.manager.AppMessageHelper                      A CWWKZ0009I: The application guide-rest-intro has stopped successfully.
[18/01/2021, 19:18:47:505 GMT] 000000a6 com.ibm.ws.app.manager.AppMessageHelper                      I CWWKZ0018I: Starting application guide-rest-intro.
[18/01/2021, 19:18:47:505 GMT] 000000a6 bm.ws.app.manager.war.internal.WARDeployedAppInfoFactoryImpl I CWWKZ0134I: The guide-rest-intro application is using the loose application definition at the F:\apps\guide-rest-intro\start\target\liberty\wlp\usr\servers\defaultServer\apps\guide-rest-intro.war.xml location.
[18/01/2021, 19:18:47:534 GMT] 000000a6 com.ibm.ws.webcontainer.osgi.webapp.WebGroup                 I SRVE0169I: Loading Web Module: Liberty Project.
[18/01/2021, 19:18:47:534 GMT] 000000a6 com.ibm.ws.webcontainer                                      I SRVE0250I: Web Module Liberty Project has been bound to default_host.
[18/01/2021, 19:18:47:534 GMT] 000000a6 com.ibm.ws.http.internal.VirtualHostImpl                     A CWWKT0016I: Web application available (default_host): http://honeybadger:9080/LibertyProject/
[18/01/2021, 19:18:47:537 GMT] 000000a6 com.ibm.ws.session.WASSessionCore                            I SESN0176I: A new session context will be created for application key default_host/LibertyProject
[18/01/2021, 19:18:47:537 GMT] 000000a6 com.ibm.ws.util                                              I SESN0172I: The session manager is using the Java default SecureRandom implementation for session ID generation.
[18/01/2021, 19:18:47:539 GMT] 000000a6 com.ibm.ws.app.manager.AppMessageHelper                      A CWWKZ0003I: The application guide-rest-intro updated in 0.034 seconds.
[18/01/2021, 19:18:47:621 GMT] 000000a3 com.ibm.ws.webcontainer.osgi.mbeans.PluginGenerator          I SRVE9103I: A configuration file for a web server plugin was automatically generated for this server at F:\apps\guide-rest-intro\start\target\liberty\wlp\usr\servers\defaultServer\logs\state\plugin-cfg.xml.
[18/01/2021, 19:18:47:710 GMT] 000000a5 com.ibm.ws.webcontainer.osgi.mbeans.PluginGenerator          I SRVE9103I: A configuration file for a web server plugin was automatically generated for this server at F:\apps\guide-rest-intro\start\target\liberty\wlp\usr\servers\defaultServer\logs\state\plugin-cfg.xml.
[18/01/2021, 19:27:47:105 GMT] 0000008b com.ibm.ws.http.internal.VirtualHostImpl                     A CWWKT0017I: Web application removed (default_host): http://honeybadger:9080/LibertyProject/
[18/01/2021, 19:27:47:108 GMT] 0000008b com.ibm.ws.app.manager.AppMessageHelper                      A CWWKZ0009I: The application guide-rest-intro has stopped successfully.
[18/01/2021, 19:27:47:111 GMT] 0000008b com.ibm.ws.app.manager.AppMessageHelper                      I CWWKZ0018I: Starting application guide-rest-intro.
[18/01/2021, 19:27:47:111 GMT] 0000008b bm.ws.app.manager.war.internal.WARDeployedAppInfoFactoryImpl I CWWKZ0134I: The guide-rest-intro application is using the loose application definition at the F:\apps\guide-rest-intro\start\target\liberty\wlp\usr\servers\defaultServer\apps\guide-rest-intro.war.xml location.
[18/01/2021, 19:27:47:138 GMT] 0000008b com.ibm.ws.webcontainer.osgi.webapp.WebGroup                 I SRVE0169I: Loading Web Module: Liberty Project.
[18/01/2021, 19:27:47:139 GMT] 0000008b com.ibm.ws.webcontainer                                      I SRVE0250I: Web Module Liberty Project has been bound to default_host.
[18/01/2021, 19:27:47:139 GMT] 0000008b com.ibm.ws.http.internal.VirtualHostImpl                     A CWWKT0016I: Web application available (default_host): http://honeybadger:9080/LibertyProject/
[18/01/2021, 19:27:47:142 GMT] 000000aa com.ibm.ws.session.WASSessionCore                            I SESN0176I: A new session context will be created for application key default_host/LibertyProject
[18/01/2021, 19:27:47:142 GMT] 000000aa com.ibm.ws.util                                              I SESN0172I: The session manager is using the Java default SecureRandom implementation for session ID generation.
[18/01/2021, 19:27:47:144 GMT] 000000aa com.ibm.ws.app.manager.AppMessageHelper                      A CWWKZ0003I: The application guide-rest-intro updated in 0.033 seconds.
[18/01/2021, 19:27:47:231 GMT] 000000a8 com.ibm.ws.webcontainer.osgi.mbeans.PluginGenerator          I SRVE9103I: A configuration file for a web server plugin was automatically generated for this server at F:\apps\guide-rest-intro\start\target\liberty\wlp\usr\servers\defaultServer\logs\state\plugin-cfg.xml.
[18/01/2021, 19:27:47:321 GMT] 0000008b com.ibm.ws.webcontainer.osgi.mbeans.PluginGenerator          I SRVE9103I: A configuration file for a web server plugin was automatically generated for this server at F:\apps\guide-rest-intro\start\target\liberty\wlp\usr\servers\defaultServer\logs\state\plugin-cfg.xml.
[18/01/2021, 19:32:30:680 GMT] 0000009b com.ibm.ws.http.internal.VirtualHostImpl                     A CWWKT0017I: Web application removed (default_host): http://honeybadger:9080/LibertyProject/
[18/01/2021, 19:32:30:683 GMT] 0000009b com.ibm.ws.app.manager.AppMessageHelper                      A CWWKZ0009I: The application guide-rest-intro has stopped successfully.
[18/01/2021, 19:32:30:686 GMT] 0000009b com.ibm.ws.app.manager.AppMessageHelper                      I CWWKZ0018I: Starting application guide-rest-intro.
[18/01/2021, 19:32:30:687 GMT] 0000009b bm.ws.app.manager.war.internal.WARDeployedAppInfoFactoryImpl I CWWKZ0134I: The guide-rest-intro application is using the loose application definition at the F:\apps\guide-rest-intro\start\target\liberty\wlp\usr\servers\defaultServer\apps\guide-rest-intro.war.xml location.
[18/01/2021, 19:32:30:715 GMT] 0000009b com.ibm.ws.webcontainer.osgi.webapp.WebGroup                 I SRVE0169I: Loading Web Module: Liberty Project.
[18/01/2021, 19:32:30:716 GMT] 0000009b com.ibm.ws.webcontainer                                      I SRVE0250I: Web Module Liberty Project has been bound to default_host.
[18/01/2021, 19:32:30:716 GMT] 0000009b com.ibm.ws.http.internal.VirtualHostImpl                     A CWWKT0016I: Web application available (default_host): http://honeybadger:9080/LibertyProject/
[18/01/2021, 19:32:30:717 GMT] 0000009b com.ibm.ws.session.WASSessionCore                            I SESN0176I: A new session context will be created for application key default_host/LibertyProject
[18/01/2021, 19:32:30:718 GMT] 0000009b com.ibm.ws.util                                              I SESN0172I: The session manager is using the Java default SecureRandom implementation for session ID generation.
[18/01/2021, 19:32:30:719 GMT] 0000009b com.ibm.ws.app.manager.AppMessageHelper                      A CWWKZ0003I: The application guide-rest-intro updated in 0.033 seconds.
[18/01/2021, 19:32:30:781 GMT] 000000ad com.ibm.ws.webcontainer.osgi.mbeans.PluginGenerator          I SRVE9103I: A configuration file for a web server plugin was automatically generated for this server at F:\apps\guide-rest-intro\start\target\liberty\wlp\usr\servers\defaultServer\logs\state\plugin-cfg.xml.
[18/01/2021, 19:32:30:884 GMT] 000000ac com.ibm.ws.webcontainer.osgi.mbeans.PluginGenerator          I SRVE9103I: A configuration file for a web server plugin was automatically generated for this server at F:\apps\guide-rest-intro\start\target\liberty\wlp\usr\servers\defaultServer\logs\state\plugin-cfg.xml.
[18/01/2021, 19:34:15:545 GMT] 000000af com.ibm.ws.http.internal.VirtualHostImpl                     A CWWKT0017I: Web application removed (default_host): http://honeybadger:9080/LibertyProject/
[18/01/2021, 19:34:15:549 GMT] 000000af com.ibm.ws.app.manager.AppMessageHelper                      A CWWKZ0009I: The application guide-rest-intro has stopped successfully.
[18/01/2021, 19:34:15:552 GMT] 000000af com.ibm.ws.app.manager.AppMessageHelper                      I CWWKZ0018I: Starting application guide-rest-intro.
[18/01/2021, 19:34:15:552 GMT] 000000af bm.ws.app.manager.war.internal.WARDeployedAppInfoFactoryImpl I CWWKZ0134I: The guide-rest-intro application is using the loose application definition at the F:\apps\guide-rest-intro\start\target\liberty\wlp\usr\servers\defaultServer\apps\guide-rest-intro.war.xml location.
[18/01/2021, 19:34:15:584 GMT] 000000af com.ibm.ws.webcontainer.osgi.webapp.WebGroup                 I SRVE0169I: Loading Web Module: Liberty Project.
[18/01/2021, 19:34:15:585 GMT] 000000af com.ibm.ws.webcontainer                                      I SRVE0250I: Web Module Liberty Project has been bound to default_host.
[18/01/2021, 19:34:15:585 GMT] 000000af com.ibm.ws.http.internal.VirtualHostImpl                     A CWWKT0016I: Web application available (default_host): http://honeybadger:9080/LibertyProject/
[18/01/2021, 19:34:15:587 GMT] 000000af com.ibm.ws.session.WASSessionCore                            I SESN0176I: A new session context will be created for application key default_host/LibertyProject
[18/01/2021, 19:34:15:587 GMT] 000000af com.ibm.ws.util                                              I SESN0172I: The session manager is using the Java default SecureRandom implementation for session ID generation.
[18/01/2021, 19:34:15:588 GMT] 000000af com.ibm.ws.app.manager.AppMessageHelper                      A CWWKZ0003I: The application guide-rest-intro updated in 0.036 seconds.
[18/01/2021, 19:34:15:670 GMT] 000000a6 com.ibm.ws.webcontainer.osgi.mbeans.PluginGenerator          I SRVE9103I: A configuration file for a web server plugin was automatically generated for this server at F:\apps\guide-rest-intro\start\target\liberty\wlp\usr\servers\defaultServer\logs\state\plugin-cfg.xml.
[18/01/2021, 19:34:15:770 GMT] 000000ad com.ibm.ws.webcontainer.osgi.mbeans.PluginGenerator          I SRVE9103I: A configuration file for a web server plugin was automatically generated for this server at F:\apps\guide-rest-intro\start\target\liberty\wlp\usr\servers\defaultServer\logs\state\plugin-cfg.xml.
[18/01/2021, 19:38:51:597 GMT] 000000aa com.ibm.ws.http.internal.VirtualHostImpl                     A CWWKT0017I: Web application removed (default_host): http://honeybadger:9080/LibertyProject/
[18/01/2021, 19:38:51:601 GMT] 000000aa com.ibm.ws.app.manager.AppMessageHelper                      A CWWKZ0009I: The application guide-rest-intro has stopped successfully.
[18/01/2021, 19:38:51:604 GMT] 000000aa com.ibm.ws.app.manager.AppMessageHelper                      I CWWKZ0018I: Starting application guide-rest-intro.
[18/01/2021, 19:38:51:604 GMT] 000000aa bm.ws.app.manager.war.internal.WARDeployedAppInfoFactoryImpl I CWWKZ0134I: The guide-rest-intro application is using the loose application definition at the F:\apps\guide-rest-intro\start\target\liberty\wlp\usr\servers\defaultServer\apps\guide-rest-intro.war.xml location.
[18/01/2021, 19:38:51:632 GMT] 000000aa com.ibm.ws.webcontainer.osgi.webapp.WebGroup                 I SRVE0169I: Loading Web Module: Liberty Project.
[18/01/2021, 19:38:51:632 GMT] 000000aa com.ibm.ws.webcontainer                                      I SRVE0250I: Web Module Liberty Project has been bound to default_host.
[18/01/2021, 19:38:51:632 GMT] 000000aa com.ibm.ws.http.internal.VirtualHostImpl                     A CWWKT0016I: Web application available (default_host): http://honeybadger:9080/LibertyProject/
[18/01/2021, 19:38:51:634 GMT] 000000aa com.ibm.ws.session.WASSessionCore                            I SESN0176I: A new session context will be created for application key default_host/LibertyProject
[18/01/2021, 19:38:51:634 GMT] 000000aa com.ibm.ws.util                                              I SESN0172I: The session manager is using the Java default SecureRandom implementation for session ID generation.
[18/01/2021, 19:38:51:636 GMT] 000000aa com.ibm.ws.app.manager.AppMessageHelper                      A CWWKZ0003I: The application guide-rest-intro updated in 0.032 seconds.
[18/01/2021, 19:38:51:721 GMT] 000000a6 com.ibm.ws.webcontainer.osgi.mbeans.PluginGenerator          I SRVE9103I: A configuration file for a web server plugin was automatically generated for this server at F:\apps\guide-rest-intro\start\target\liberty\wlp\usr\servers\defaultServer\logs\state\plugin-cfg.xml.
[18/01/2021, 19:38:51:808 GMT] 00000086 com.ibm.ws.webcontainer.osgi.mbeans.PluginGenerator          I SRVE9103I: A configuration file for a web server plugin was automatically generated for this server at F:\apps\guide-rest-intro\start\target\liberty\wlp\usr\servers\defaultServer\logs\state\plugin-cfg.xml.
[18/01/2021, 19:39:23:659 GMT] 000000b4 com.ibm.ws.http.internal.VirtualHostImpl                     A CWWKT0017I: Web application removed (default_host): http://honeybadger:9080/LibertyProject/
[18/01/2021, 19:39:23:663 GMT] 000000b4 com.ibm.ws.app.manager.AppMessageHelper                      A CWWKZ0009I: The application guide-rest-intro has stopped successfully.
[18/01/2021, 19:39:23:666 GMT] 000000b4 com.ibm.ws.app.manager.AppMessageHelper                      I CWWKZ0018I: Starting application guide-rest-intro.
[18/01/2021, 19:39:23:667 GMT] 000000b4 bm.ws.app.manager.war.internal.WARDeployedAppInfoFactoryImpl I CWWKZ0134I: The guide-rest-intro application is using the loose application definition at the F:\apps\guide-rest-intro\start\target\liberty\wlp\usr\servers\defaultServer\apps\guide-rest-intro.war.xml location.
[18/01/2021, 19:39:23:701 GMT] 000000b4 com.ibm.ws.webcontainer.osgi.webapp.WebGroup                 I SRVE0169I: Loading Web Module: Liberty Project.
[18/01/2021, 19:39:23:701 GMT] 000000b4 com.ibm.ws.webcontainer                                      I SRVE0250I: Web Module Liberty Project has been bound to default_host.
[18/01/2021, 19:39:23:701 GMT] 000000b4 com.ibm.ws.http.internal.VirtualHostImpl                     A CWWKT0016I: Web application available (default_host): http://honeybadger:9080/LibertyProject/
[18/01/2021, 19:39:23:703 GMT] 000000b7 com.ibm.ws.session.WASSessionCore                            I SESN0176I: A new session context will be created for application key default_host/LibertyProject
[18/01/2021, 19:39:23:704 GMT] 000000b7 com.ibm.ws.util                                              I SESN0172I: The session manager is using the Java default SecureRandom implementation for session ID generation.
[18/01/2021, 19:39:23:705 GMT] 000000b7 com.ibm.ws.app.manager.AppMessageHelper                      A CWWKZ0003I: The application guide-rest-intro updated in 0.039 seconds.
[18/01/2021, 19:39:23:785 GMT] 000000af com.ibm.ws.webcontainer.osgi.mbeans.PluginGenerator          I SRVE9103I: A configuration file for a web server plugin was automatically generated for this server at F:\apps\guide-rest-intro\start\target\liberty\wlp\usr\servers\defaultServer\logs\state\plugin-cfg.xml.
[18/01/2021, 19:39:23:876 GMT] 000000b4 com.ibm.ws.webcontainer.osgi.mbeans.PluginGenerator          I SRVE9103I: A configuration file for a web server plugin was automatically generated for this server at F:\apps\guide-rest-intro\start\target\liberty\wlp\usr\servers\defaultServer\logs\state\plugin-cfg.xml.
[18/01/2021, 19:41:55:201 GMT] 00000086 com.ibm.ws.http.internal.VirtualHostImpl                     A CWWKT0017I: Web application removed (default_host): http://honeybadger:9080/LibertyProject/
[18/01/2021, 19:41:55:204 GMT] 00000086 com.ibm.ws.app.manager.AppMessageHelper                      A CWWKZ0009I: The application guide-rest-intro has stopped successfully.
[18/01/2021, 19:41:55:208 GMT] 00000086 com.ibm.ws.app.manager.AppMessageHelper                      I CWWKZ0018I: Starting application guide-rest-intro.
[18/01/2021, 19:41:55:208 GMT] 00000086 bm.ws.app.manager.war.internal.WARDeployedAppInfoFactoryImpl I CWWKZ0134I: The guide-rest-intro application is using the loose application definition at the F:\apps\guide-rest-intro\start\target\liberty\wlp\usr\servers\defaultServer\apps\guide-rest-intro.war.xml location.
[18/01/2021, 19:41:55:235 GMT] 00000086 com.ibm.ws.webcontainer.osgi.webapp.WebGroup                 I SRVE0169I: Loading Web Module: Liberty Project.
[18/01/2021, 19:41:55:235 GMT] 00000086 com.ibm.ws.webcontainer                                      I SRVE0250I: Web Module Liberty Project has been bound to default_host.
[18/01/2021, 19:41:55:235 GMT] 00000086 com.ibm.ws.http.internal.VirtualHostImpl                     A CWWKT0016I: Web application available (default_host): http://honeybadger:9080/LibertyProject/
[18/01/2021, 19:41:55:237 GMT] 00000086 com.ibm.ws.session.WASSessionCore                            I SESN0176I: A new session context will be created for application key default_host/LibertyProject
[18/01/2021, 19:41:55:237 GMT] 00000086 com.ibm.ws.util                                              I SESN0172I: The session manager is using the Java default SecureRandom implementation for session ID generation.
[18/01/2021, 19:41:55:238 GMT] 00000086 com.ibm.ws.app.manager.AppMessageHelper                      A CWWKZ0003I: The application guide-rest-intro updated in 0.030 seconds.
[18/01/2021, 19:41:55:325 GMT] 000000a6 com.ibm.ws.webcontainer.osgi.mbeans.PluginGenerator          I SRVE9103I: A configuration file for a web server plugin was automatically generated for this server at F:\apps\guide-rest-intro\start\target\liberty\wlp\usr\servers\defaultServer\logs\state\plugin-cfg.xml.
[18/01/2021, 19:41:55:414 GMT] 000000b6 com.ibm.ws.webcontainer.osgi.mbeans.PluginGenerator          I SRVE9103I: A configuration file for a web server plugin was automatically generated for this server at F:\apps\guide-rest-intro\start\target\liberty\wlp\usr\servers\defaultServer\logs\state\plugin-cfg.xml.
[18/01/2021, 20:11:57:247 GMT] 00000013 com.ibm.ws.kernel.launch.internal.ServerCommandListener      A CWWKE0055I: Server shutdown requested on Monday, 18 January 2021 at 20:11. The server defaultServer is shutting down.
[18/01/2021, 20:11:57:250 GMT] 000000bd com.ibm.ws.runtime.update.internal.RuntimeUpdateManagerImpl  A CWWKE1100I: Waiting for up to 30 seconds for the server to quiesce.
[18/01/2021, 20:11:57:254 GMT] 0000008b com.ibm.ws.tcpchannel.internal.TCPChannel                    I CWWKO0220I: TCP Channel defaultHttpEndpoint has stopped listening for requests on host *  (IPv6) port 9080.
[18/01/2021, 20:11:57:255 GMT] 0000008b com.ibm.ws.http.internal.VirtualHostImpl                     A CWWKT0017I: Web application removed (default_host): http://honeybadger:9080/LibertyProject/
[18/01/2021, 20:11:57:258 GMT] 000000bd com.ibm.ws.runtime.update.internal.RuntimeUpdateManagerImpl  I CWWKE1101I: Server quiesce complete.
[18/01/2021, 20:11:57:283 GMT] 000000b7 com.ibm.ws.app.manager.AppMessageHelper                      A CWWKZ0009I: The application guide-rest-intro has stopped successfully.
[18/01/2021, 20:11:57:466 GMT] 00000001 com.ibm.ws.kernel.launch.internal.FrameworkManager           A CWWKE0036I: The server defaultServer stopped after 2 hours, 57 minutes, 34.249 seconds.
