********************************************************************************
product = Open Liberty 20.0.0.12 (wlp-1.0.47.cl201220201111-0736)
wlp.install.dir = F:/apps/guide-rest-intro/start/target/liberty/wlp/
java.home = F:\apps\jdk-9.0.4
java.version = 9.0.4
java.runtime = OpenJDK Runtime Environment (9.0.4+11)
os = Windows 7 (6.1; amd64) (en_GB)
process = 5464@HoneyBadger
********************************************************************************
[15/01/2021, 14:36:00:708 GMT] 00000001 com.ibm.ws.kernel.launch.internal.FrameworkManager           A CWWKE0001I: The server defaultServer has been launched.
[15/01/2021, 14:36:01:338 GMT] 00000018 com.ibm.ws.config.xml.internal.ServerXMLConfiguration        A CWWKG0093A: Processing configuration drop-ins resource: F:\apps\guide-rest-intro\start\target\liberty\wlp\usr\servers\defaultServer\configDropins\overrides\liberty-plugin-variable-config.xml
[15/01/2021, 14:36:01:612 GMT] 00000001 com.ibm.ws.kernel.launch.internal.FrameworkManager           I CWWKE0002I: The kernel started after 1.117 seconds
[15/01/2021, 14:36:01:627 GMT] 00000023 com.ibm.ws.kernel.feature.internal.FeatureManager            I CWWKF0007I: Feature update started.
[15/01/2021, 14:36:02:228 GMT] 0000001b com.ibm.ws.app.manager.internal.monitor.DropinMonitor        A CWWKZ0058I: Monitoring dropins for applications.
[15/01/2021, 14:36:02:489 GMT] 0000002b com.ibm.ws.app.manager.AppMessageHelper                      I CWWKZ0018I: Starting application guide-rest-intro.
[15/01/2021, 14:36:02:490 GMT] 0000002b bm.ws.app.manager.war.internal.WARDeployedAppInfoFactoryImpl I CWWKZ0134I: The guide-rest-intro application is using the loose application definition at the F:\apps\guide-rest-intro\start\target\liberty\wlp\usr\servers\defaultServer\apps\guide-rest-intro.war.xml location.
[15/01/2021, 14:36:02:727 GMT] 0000002b com.ibm.ws.session.WASSessionCore                            I SESN8501I: The session manager did not find a persistent storage location; HttpSession objects will be stored in the local application server's memory.
[15/01/2021, 14:36:02:740 GMT] 0000002b com.ibm.ws.webcontainer.osgi.webapp.WebGroup                 I SRVE0169I: Loading Web Module: Liberty Project.
[15/01/2021, 14:36:02:743 GMT] 0000002b com.ibm.ws.webcontainer                                      I SRVE0250I: Web Module Liberty Project has been bound to default_host.
[15/01/2021, 14:36:02:744 GMT] 0000002b com.ibm.ws.http.internal.VirtualHostImpl                     A CWWKT0016I: Web application available (default_host): http://localhost:9080/guide-rest-intro/
[15/01/2021, 14:36:02:771 GMT] 00000025 com.ibm.ws.session.WASSessionCore                            I SESN0176I: A new session context will be created for application key default_host/guide-rest-intro
[15/01/2021, 14:36:02:780 GMT] 00000025 com.ibm.ws.util                                              I SESN0172I: The session manager is using the Java default SecureRandom implementation for session ID generation.
[15/01/2021, 14:36:02:795 GMT] 00000025 com.ibm.ws.app.manager.AppMessageHelper                      A CWWKZ0001I: Application guide-rest-intro started in 0.306 seconds.
[15/01/2021, 14:36:02:830 GMT] 00000023 com.ibm.ws.tcpchannel.internal.TCPPort                       I CWWKO0219I: TCP Channel defaultHttpEndpoint has been started and is now listening for requests on host 127.0.0.1  (IPv4: 127.0.0.1) port 9080.
[15/01/2021, 14:36:02:852 GMT] 00000023 com.ibm.ws.kernel.feature.internal.FeatureManager            A CWWKF0012I: The server installed the following features: [servlet-4.0].
[15/01/2021, 14:36:02:853 GMT] 00000023 com.ibm.ws.kernel.feature.internal.FeatureManager            I CWWKF0008I: Feature update completed in 1.246 seconds.
[15/01/2021, 14:36:02:854 GMT] 00000023 com.ibm.ws.kernel.feature.internal.FeatureManager            A CWWKF0011I: The defaultServer server is ready to run a smarter planet. The defaultServer server started in 2.361 seconds.
[15/01/2021, 14:36:03:051 GMT] 0000002b com.ibm.ws.webcontainer.osgi.mbeans.PluginGenerator          I SRVE9103I: A configuration file for a web server plugin was automatically generated for this server at F:\apps\guide-rest-intro\start\target\liberty\wlp\usr\servers\defaultServer\logs\state\plugin-cfg.xml.
[15/01/2021, 14:36:05:464 GMT] 00000023 com.ibm.ws.http.internal.VirtualHostImpl                     A CWWKT0017I: Web application removed (default_host): http://localhost:9080/guide-rest-intro/
[15/01/2021, 14:36:05:471 GMT] 00000023 com.ibm.ws.app.manager.AppMessageHelper                      A CWWKZ0009I: The application guide-rest-intro has stopped successfully.
[15/01/2021, 14:36:05:476 GMT] 00000023 com.ibm.ws.app.manager.AppMessageHelper                      I CWWKZ0018I: Starting application guide-rest-intro.
[15/01/2021, 14:36:05:476 GMT] 00000023 bm.ws.app.manager.war.internal.WARDeployedAppInfoFactoryImpl I CWWKZ0134I: The guide-rest-intro application is using the loose application definition at the F:\apps\guide-rest-intro\start\target\liberty\wlp\usr\servers\defaultServer\apps\guide-rest-intro.war.xml location.
[15/01/2021, 14:36:05:520 GMT] 00000023 com.ibm.ws.webcontainer.osgi.webapp.WebGroup                 I SRVE0169I: Loading Web Module: Liberty Project.
[15/01/2021, 14:36:05:520 GMT] 00000023 com.ibm.ws.webcontainer                                      I SRVE0250I: Web Module Liberty Project has been bound to default_host.
[15/01/2021, 14:36:05:520 GMT] 00000023 com.ibm.ws.http.internal.VirtualHostImpl                     A CWWKT0016I: Web application available (default_host): http://localhost:9080/guide-rest-intro/
[15/01/2021, 14:36:05:522 GMT] 0000002c com.ibm.ws.session.WASSessionCore                            I SESN0176I: A new session context will be created for application key default_host/guide-rest-intro
[15/01/2021, 14:36:05:522 GMT] 0000002c com.ibm.ws.util                                              I SESN0172I: The session manager is using the Java default SecureRandom implementation for session ID generation.
[15/01/2021, 14:36:05:525 GMT] 0000002c com.ibm.ws.app.manager.AppMessageHelper                      A CWWKZ0003I: The application guide-rest-intro updated in 0.049 seconds.
[15/01/2021, 14:36:05:540 GMT] 00000025 com.ibm.ws.webcontainer.osgi.mbeans.PluginGenerator          I SRVE9103I: A configuration file for a web server plugin was automatically generated for this server at F:\apps\guide-rest-intro\start\target\liberty\wlp\usr\servers\defaultServer\logs\state\plugin-cfg.xml.
[15/01/2021, 14:36:05:569 GMT] 00000023 com.ibm.ws.webcontainer.osgi.mbeans.PluginGenerator          I SRVE9103I: A configuration file for a web server plugin was automatically generated for this server at F:\apps\guide-rest-intro\start\target\liberty\wlp\usr\servers\defaultServer\logs\state\plugin-cfg.xml.
[15/01/2021, 14:56:31:936 GMT] 0000003c com.ibm.ws.http.internal.VirtualHostImpl                     A CWWKT0017I: Web application removed (default_host): http://localhost:9080/guide-rest-intro/
[15/01/2021, 14:56:31:939 GMT] 0000003c com.ibm.ws.app.manager.AppMessageHelper                      A CWWKZ0009I: The application guide-rest-intro has stopped successfully.
[15/01/2021, 14:56:31:951 GMT] 0000003c com.ibm.ws.app.manager.AppMessageHelper                      I CWWKZ0018I: Starting application guide-rest-intro.
[15/01/2021, 14:56:31:951 GMT] 0000003c bm.ws.app.manager.war.internal.WARDeployedAppInfoFactoryImpl I CWWKZ0134I: The guide-rest-intro application is using the loose application definition at the F:\apps\guide-rest-intro\start\target\liberty\wlp\usr\servers\defaultServer\apps\guide-rest-intro.war.xml location.
[15/01/2021, 14:56:31:961 GMT] 00000040 com.ibm.ws.webcontainer.osgi.mbeans.PluginGenerator          I SRVE9103I: A configuration file for a web server plugin was automatically generated for this server at F:\apps\guide-rest-intro\start\target\liberty\wlp\usr\servers\defaultServer\logs\state\plugin-cfg.xml.
[15/01/2021, 14:56:31:984 GMT] 0000003c com.ibm.ws.webcontainer.osgi.webapp.WebGroup                 I SRVE0169I: Loading Web Module: Liberty Project.
[15/01/2021, 14:56:31:985 GMT] 0000003c com.ibm.ws.webcontainer                                      I SRVE0250I: Web Module Liberty Project has been bound to default_host.
[15/01/2021, 14:56:31:985 GMT] 0000003c com.ibm.ws.http.internal.VirtualHostImpl                     A CWWKT0016I: Web application available (default_host): http://localhost:9080/guide-rest-intro/
[15/01/2021, 14:56:31:986 GMT] 00000035 com.ibm.ws.session.WASSessionCore                            I SESN0176I: A new session context will be created for application key default_host/guide-rest-intro
[15/01/2021, 14:56:31:987 GMT] 00000035 com.ibm.ws.util                                              I SESN0172I: The session manager is using the Java default SecureRandom implementation for session ID generation.
[15/01/2021, 14:56:31:988 GMT] 00000035 com.ibm.ws.app.manager.AppMessageHelper                      A CWWKZ0003I: The application guide-rest-intro updated in 0.037 seconds.
[15/01/2021, 14:56:32:049 GMT] 0000003c com.ibm.ws.webcontainer.osgi.mbeans.PluginGenerator          I SRVE9103I: A configuration file for a web server plugin was automatically generated for this server at F:\apps\guide-rest-intro\start\target\liberty\wlp\usr\servers\defaultServer\logs\state\plugin-cfg.xml.
[15/01/2021, 14:57:07:449 GMT] 00000038 com.ibm.ws.http.internal.VirtualHostImpl                     A CWWKT0017I: Web application removed (default_host): http://localhost:9080/guide-rest-intro/
[15/01/2021, 14:57:07:453 GMT] 00000038 com.ibm.ws.app.manager.AppMessageHelper                      A CWWKZ0009I: The application guide-rest-intro has stopped successfully.
[15/01/2021, 14:57:07:460 GMT] 00000038 com.ibm.ws.app.manager.AppMessageHelper                      I CWWKZ0018I: Starting application guide-rest-intro.
[15/01/2021, 14:57:07:460 GMT] 00000038 bm.ws.app.manager.war.internal.WARDeployedAppInfoFactoryImpl I CWWKZ0134I: The guide-rest-intro application is using the loose application definition at the F:\apps\guide-rest-intro\start\target\liberty\wlp\usr\servers\defaultServer\apps\guide-rest-intro.war.xml location.
[15/01/2021, 14:57:07:493 GMT] 00000038 com.ibm.ws.webcontainer.osgi.webapp.WebGroup                 I SRVE0169I: Loading Web Module: Liberty Project.
[15/01/2021, 14:57:07:493 GMT] 00000038 com.ibm.ws.webcontainer                                      I SRVE0250I: Web Module Liberty Project has been bound to default_host.
[15/01/2021, 14:57:07:494 GMT] 00000038 com.ibm.ws.http.internal.VirtualHostImpl                     A CWWKT0016I: Web application available (default_host): http://localhost:9080/guide-rest-intro/
[15/01/2021, 14:57:07:497 GMT] 00000038 com.ibm.ws.session.WASSessionCore                            I SESN0176I: A new session context will be created for application key default_host/guide-rest-intro
[15/01/2021, 14:57:07:497 GMT] 00000038 com.ibm.ws.util                                              I SESN0172I: The session manager is using the Java default SecureRandom implementation for session ID generation.
[15/01/2021, 14:57:07:498 GMT] 00000038 com.ibm.ws.app.manager.AppMessageHelper                      A CWWKZ0003I: The application guide-rest-intro updated in 0.038 seconds.
[15/01/2021, 14:57:07:535 GMT] 0000003f com.ibm.ws.webcontainer.osgi.mbeans.PluginGenerator          I SRVE9103I: A configuration file for a web server plugin was automatically generated for this server at F:\apps\guide-rest-intro\start\target\liberty\wlp\usr\servers\defaultServer\logs\state\plugin-cfg.xml.
[15/01/2021, 14:57:07:570 GMT] 0000002a com.ibm.ws.webcontainer.osgi.mbeans.PluginGenerator          I SRVE9103I: A configuration file for a web server plugin was automatically generated for this server at F:\apps\guide-rest-intro\start\target\liberty\wlp\usr\servers\defaultServer\logs\state\plugin-cfg.xml.
[15/01/2021, 14:58:32:057 GMT] 00000038 com.ibm.ws.http.internal.VirtualHostImpl                     A CWWKT0017I: Web application removed (default_host): http://localhost:9080/guide-rest-intro/
[15/01/2021, 14:58:32:060 GMT] 00000038 com.ibm.ws.app.manager.AppMessageHelper                      A CWWKZ0009I: The application guide-rest-intro has stopped successfully.
[15/01/2021, 14:58:32:064 GMT] 00000038 com.ibm.ws.app.manager.AppMessageHelper                      I CWWKZ0018I: Starting application guide-rest-intro.
[15/01/2021, 14:58:32:064 GMT] 00000038 bm.ws.app.manager.war.internal.WARDeployedAppInfoFactoryImpl I CWWKZ0134I: The guide-rest-intro application is using the loose application definition at the F:\apps\guide-rest-intro\start\target\liberty\wlp\usr\servers\defaultServer\apps\guide-rest-intro.war.xml location.
[15/01/2021, 14:58:32:097 GMT] 00000043 com.ibm.ws.webcontainer.osgi.mbeans.PluginGenerator          I SRVE9103I: A configuration file for a web server plugin was automatically generated for this server at F:\apps\guide-rest-intro\start\target\liberty\wlp\usr\servers\defaultServer\logs\state\plugin-cfg.xml.
[15/01/2021, 14:58:32:107 GMT] 00000038 com.ibm.ws.webcontainer.osgi.webapp.WebGroup                 I SRVE0169I: Loading Web Module: Liberty Project.
[15/01/2021, 14:58:32:107 GMT] 00000038 com.ibm.ws.webcontainer                                      I SRVE0250I: Web Module Liberty Project has been bound to default_host.
[15/01/2021, 14:58:32:108 GMT] 00000038 com.ibm.ws.http.internal.VirtualHostImpl                     A CWWKT0016I: Web application available (default_host): http://localhost:9080/guide-rest-intro/
[15/01/2021, 14:58:32:121 GMT] 0000003f com.ibm.ws.session.WASSessionCore                            I SESN0176I: A new session context will be created for application key default_host/guide-rest-intro
[15/01/2021, 14:58:32:121 GMT] 0000003f com.ibm.ws.util                                              I SESN0172I: The session manager is using the Java default SecureRandom implementation for session ID generation.
[15/01/2021, 14:58:32:124 GMT] 0000003f com.ibm.ws.app.manager.AppMessageHelper                      A CWWKZ0003I: The application guide-rest-intro updated in 0.060 seconds.
[15/01/2021, 14:58:32:146 GMT] 00000038 com.ibm.ws.webcontainer.osgi.mbeans.PluginGenerator          I SRVE9103I: A configuration file for a web server plugin was automatically generated for this server at F:\apps\guide-rest-intro\start\target\liberty\wlp\usr\servers\defaultServer\logs\state\plugin-cfg.xml.
[15/01/2021, 14:58:57:043 GMT] 00000034 com.ibm.ws.http.internal.VirtualHostImpl                     A CWWKT0017I: Web application removed (default_host): http://localhost:9080/guide-rest-intro/
[15/01/2021, 14:58:57:048 GMT] 00000034 com.ibm.ws.app.manager.AppMessageHelper                      A CWWKZ0009I: The application guide-rest-intro has stopped successfully.
[15/01/2021, 14:58:57:053 GMT] 00000034 com.ibm.ws.app.manager.AppMessageHelper                      I CWWKZ0018I: Starting application guide-rest-intro.
[15/01/2021, 14:58:57:053 GMT] 00000034 bm.ws.app.manager.war.internal.WARDeployedAppInfoFactoryImpl I CWWKZ0134I: The guide-rest-intro application is using the loose application definition at the F:\apps\guide-rest-intro\start\target\liberty\wlp\usr\servers\defaultServer\apps\guide-rest-intro.war.xml location.
[15/01/2021, 14:58:57:089 GMT] 00000034 com.ibm.ws.webcontainer.osgi.webapp.WebGroup                 I SRVE0169I: Loading Web Module: Liberty Project.
[15/01/2021, 14:58:57:089 GMT] 00000034 com.ibm.ws.webcontainer                                      I SRVE0250I: Web Module Liberty Project has been bound to default_host.
[15/01/2021, 14:58:57:089 GMT] 00000034 com.ibm.ws.http.internal.VirtualHostImpl                     A CWWKT0016I: Web application available (default_host): http://localhost:9080/guide-rest-intro/
[15/01/2021, 14:58:57:091 GMT] 00000038 com.ibm.ws.session.WASSessionCore                            I SESN0176I: A new session context will be created for application key default_host/guide-rest-intro
[15/01/2021, 14:58:57:091 GMT] 00000038 com.ibm.ws.util                                              I SESN0172I: The session manager is using the Java default SecureRandom implementation for session ID generation.
[15/01/2021, 14:58:57:093 GMT] 00000038 com.ibm.ws.app.manager.AppMessageHelper                      A CWWKZ0003I: The application guide-rest-intro updated in 0.040 seconds.
[15/01/2021, 14:58:57:107 GMT] 00000040 com.ibm.ws.webcontainer.osgi.mbeans.PluginGenerator          I SRVE9103I: A configuration file for a web server plugin was automatically generated for this server at F:\apps\guide-rest-intro\start\target\liberty\wlp\usr\servers\defaultServer\logs\state\plugin-cfg.xml.
[15/01/2021, 14:58:57:144 GMT] 00000035 com.ibm.ws.webcontainer.osgi.mbeans.PluginGenerator          I SRVE9103I: A configuration file for a web server plugin was automatically generated for this server at F:\apps\guide-rest-intro\start\target\liberty\wlp\usr\servers\defaultServer\logs\state\plugin-cfg.xml.
[15/01/2021, 15:04:38:343 GMT] 00000043 com.ibm.ws.config.xml.internal.ConfigRefresher               A CWWKG0016I: Starting server configuration update.
[15/01/2021, 15:04:38:344 GMT] 00000043 com.ibm.ws.config.xml.internal.ServerXMLConfiguration        A CWWKG0093A: Processing configuration drop-ins resource: F:\apps\guide-rest-intro\start\target\liberty\wlp\usr\servers\defaultServer\configDropins\overrides\liberty-plugin-variable-config.xml
[15/01/2021, 15:04:38:363 GMT] 00000035 com.ibm.ws.kernel.feature.internal.FeatureManager            I CWWKF0007I: Feature update started.
[15/01/2021, 15:04:38:383 GMT] 00000048 com.ibm.ws.http.internal.VirtualHostImpl                     A CWWKT0017I: Web application removed (default_host): http://localhost:9080/guide-rest-intro/
[15/01/2021, 15:04:38:391 GMT] 00000048 com.ibm.ws.app.manager.AppMessageHelper                      A CWWKZ0009I: The application guide-rest-intro has stopped successfully.
[15/01/2021, 15:04:38:599 GMT] 0000004a com.ibm.ws.tcpchannel.internal.TCPChannel                    I CWWKO0220I: TCP Channel defaultHttpEndpoint has stopped listening for requests on host 127.0.0.1  (IPv4: 127.0.0.1) port 9080.
[15/01/2021, 15:04:38:612 GMT] 00000035 g.apache.cxf.cxf.core.3.2:1.0.47.cl201220201111-0736(id=95)] I Aries Blueprint packages not available. So namespaces will not be registered
[15/01/2021, 15:04:38:650 GMT] 0000004a com.ibm.ws.tcpchannel.internal.TCPPort                       I CWWKO0219I: TCP Channel defaultHttpEndpoint has been started and is now listening for requests on host *  (IPv6) port 9080.
[15/01/2021, 15:04:38:755 GMT] 00000035 com.ibm.ws.kernel.feature.internal.FeatureManager            A CWWKF0012I: The server installed the following features: [jaxrs-2.1, jaxrsClient-2.1, jsonp-1.1].
[15/01/2021, 15:04:38:756 GMT] 00000035 com.ibm.ws.kernel.feature.internal.FeatureManager            A CWWKF0008I: Feature update completed in 0.402 seconds.
[15/01/2021, 15:04:38:756 GMT] 00000048 com.ibm.ws.app.manager.AppMessageHelper                      I CWWKZ0018I: Starting application guide-rest-intro.
[15/01/2021, 15:04:38:756 GMT] 00000048 bm.ws.app.manager.war.internal.WARDeployedAppInfoFactoryImpl I CWWKZ0134I: The guide-rest-intro application is using the loose application definition at the F:\apps\guide-rest-intro\start\target\liberty\wlp\usr\servers\defaultServer\apps\guide-rest-intro.war.xml location.
[15/01/2021, 15:04:38:760 GMT] 00000043 com.ibm.ws.config.xml.internal.ConfigRefresher               A CWWKG0017I: The server configuration was successfully updated in 0.418 seconds.
[15/01/2021, 15:04:38:803 GMT] 00000048 com.ibm.ws.webcontainer.osgi.webapp.WebGroup                 I SRVE0169I: Loading Web Module: Liberty Project.
[15/01/2021, 15:04:38:803 GMT] 00000048 com.ibm.ws.webcontainer                                      I SRVE0250I: Web Module Liberty Project has been bound to default_host.
[15/01/2021, 15:04:38:804 GMT] 00000048 com.ibm.ws.http.internal.VirtualHostImpl                     A CWWKT0016I: Web application available (default_host): http://honeybadger:9080/LibertyProject/
[15/01/2021, 15:04:38:824 GMT] 00000048 com.ibm.ws.session.WASSessionCore                            I SESN0176I: A new session context will be created for application key default_host/LibertyProject
[15/01/2021, 15:04:38:824 GMT] 00000048 com.ibm.ws.util                                              I SESN0172I: The session manager is using the Java default SecureRandom implementation for session ID generation.
[15/01/2021, 15:04:38:857 GMT] 00000048 com.ibm.ws.app.manager.AppMessageHelper                      A CWWKZ0003I: The application guide-rest-intro updated in 0.101 seconds.
[15/01/2021, 15:04:38:876 GMT] 00000034 com.ibm.ws.webcontainer.osgi.mbeans.PluginGenerator          I SRVE9103I: A configuration file for a web server plugin was automatically generated for this server at F:\apps\guide-rest-intro\start\target\liberty\wlp\usr\servers\defaultServer\logs\state\plugin-cfg.xml.
[15/01/2021, 15:04:38:944 GMT] 00000046 com.ibm.ws.webcontainer.osgi.mbeans.PluginGenerator          I SRVE9103I: A configuration file for a web server plugin was automatically generated for this server at F:\apps\guide-rest-intro\start\target\liberty\wlp\usr\servers\defaultServer\logs\state\plugin-cfg.xml.
[15/01/2021, 15:06:35:311 GMT] 0000002a g.apache.cxf.cxf.core.3.2:1.0.47.cl201220201111-0736(id=95)] I Setting the server's publish address to be /System/
[15/01/2021, 15:06:35:379 GMT] 0000002a com.ibm.ws.webcontainer.servlet                              I SRVE0242I: [guide-rest-intro] [/LibertyProject] [io.openliberty.guides.rest.SystemApplication]: Initialization successful.
[15/01/2021, 15:10:36:420 GMT] 00000038 com.ibm.ws.http.internal.VirtualHostImpl                     A CWWKT0017I: Web application removed (default_host): http://honeybadger:9080/LibertyProject/
[15/01/2021, 15:10:36:422 GMT] 00000038 com.ibm.ws.webcontainer.servlet                              I SRVE0253I: [guide-rest-intro] [/LibertyProject] [io.openliberty.guides.rest.SystemApplication]: Destroy successful.
[15/01/2021, 15:10:36:429 GMT] 00000038 com.ibm.ws.app.manager.AppMessageHelper                      A CWWKZ0009I: The application guide-rest-intro has stopped successfully.
[15/01/2021, 15:10:36:433 GMT] 00000038 com.ibm.ws.app.manager.AppMessageHelper                      I CWWKZ0018I: Starting application guide-rest-intro.
[15/01/2021, 15:10:36:433 GMT] 00000038 bm.ws.app.manager.war.internal.WARDeployedAppInfoFactoryImpl I CWWKZ0134I: The guide-rest-intro application is using the loose application definition at the F:\apps\guide-rest-intro\start\target\liberty\wlp\usr\servers\defaultServer\apps\guide-rest-intro.war.xml location.
[15/01/2021, 15:10:36:483 GMT] 00000038 com.ibm.ws.webcontainer.osgi.webapp.WebGroup                 I SRVE0169I: Loading Web Module: Liberty Project.
[15/01/2021, 15:10:36:483 GMT] 00000038 com.ibm.ws.webcontainer                                      I SRVE0250I: Web Module Liberty Project has been bound to default_host.
[15/01/2021, 15:10:36:483 GMT] 00000038 com.ibm.ws.http.internal.VirtualHostImpl                     A CWWKT0016I: Web application available (default_host): http://honeybadger:9080/LibertyProject/
[15/01/2021, 15:10:36:486 GMT] 00000038 com.ibm.ws.session.WASSessionCore                            I SESN0176I: A new session context will be created for application key default_host/LibertyProject
[15/01/2021, 15:10:36:487 GMT] 00000038 com.ibm.ws.util                                              I SESN0172I: The session manager is using the Java default SecureRandom implementation for session ID generation.
[15/01/2021, 15:10:36:488 GMT] 00000038 com.ibm.ws.app.manager.AppMessageHelper                      A CWWKZ0003I: The application guide-rest-intro updated in 0.055 seconds.
[15/01/2021, 15:10:36:569 GMT] 00000048 com.ibm.ws.webcontainer.osgi.mbeans.PluginGenerator          I SRVE9103I: A configuration file for a web server plugin was automatically generated for this server at F:\apps\guide-rest-intro\start\target\liberty\wlp\usr\servers\defaultServer\logs\state\plugin-cfg.xml.
[15/01/2021, 15:10:36:656 GMT] 0000002a com.ibm.ws.webcontainer.osgi.mbeans.PluginGenerator          I SRVE9103I: A configuration file for a web server plugin was automatically generated for this server at F:\apps\guide-rest-intro\start\target\liberty\wlp\usr\servers\defaultServer\logs\state\plugin-cfg.xml.
[15/01/2021, 15:10:56:895 GMT] 00000034 com.ibm.ws.http.internal.VirtualHostImpl                     A CWWKT0017I: Web application removed (default_host): http://honeybadger:9080/LibertyProject/
[15/01/2021, 15:10:56:898 GMT] 00000034 com.ibm.ws.app.manager.AppMessageHelper                      A CWWKZ0009I: The application guide-rest-intro has stopped successfully.
[15/01/2021, 15:10:56:902 GMT] 00000034 com.ibm.ws.app.manager.AppMessageHelper                      I CWWKZ0018I: Starting application guide-rest-intro.
[15/01/2021, 15:10:56:902 GMT] 00000034 bm.ws.app.manager.war.internal.WARDeployedAppInfoFactoryImpl I CWWKZ0134I: The guide-rest-intro application is using the loose application definition at the F:\apps\guide-rest-intro\start\target\liberty\wlp\usr\servers\defaultServer\apps\guide-rest-intro.war.xml location.
[15/01/2021, 15:10:56:933 GMT] 00000034 com.ibm.ws.webcontainer.osgi.webapp.WebGroup                 I SRVE0169I: Loading Web Module: Liberty Project.
[15/01/2021, 15:10:56:934 GMT] 00000034 com.ibm.ws.webcontainer                                      I SRVE0250I: Web Module Liberty Project has been bound to default_host.
[15/01/2021, 15:10:56:934 GMT] 00000034 com.ibm.ws.http.internal.VirtualHostImpl                     A CWWKT0016I: Web application available (default_host): http://honeybadger:9080/LibertyProject/
[15/01/2021, 15:10:56:937 GMT] 0000002a com.ibm.ws.session.WASSessionCore                            I SESN0176I: A new session context will be created for application key default_host/LibertyProject
[15/01/2021, 15:10:56:937 GMT] 0000002a com.ibm.ws.util                                              I SESN0172I: The session manager is using the Java default SecureRandom implementation for session ID generation.
[15/01/2021, 15:10:56:938 GMT] 0000002a com.ibm.ws.app.manager.AppMessageHelper                      A CWWKZ0003I: The application guide-rest-intro updated in 0.036 seconds.
[15/01/2021, 15:10:57:002 GMT] 00000035 com.ibm.ws.webcontainer.osgi.mbeans.PluginGenerator          I SRVE9103I: A configuration file for a web server plugin was automatically generated for this server at F:\apps\guide-rest-intro\start\target\liberty\wlp\usr\servers\defaultServer\logs\state\plugin-cfg.xml.
[15/01/2021, 15:10:57:090 GMT] 00000034 com.ibm.ws.webcontainer.osgi.mbeans.PluginGenerator          I SRVE9103I: A configuration file for a web server plugin was automatically generated for this server at F:\apps\guide-rest-intro\start\target\liberty\wlp\usr\servers\defaultServer\logs\state\plugin-cfg.xml.
[15/01/2021, 15:11:02:624 GMT] 00000046 g.apache.cxf.cxf.core.3.2:1.0.47.cl201220201111-0736(id=95)] I Setting the server's publish address to be /System/
[15/01/2021, 15:11:02:630 GMT] 00000046 com.ibm.ws.webcontainer.servlet                              I SRVE0242I: [guide-rest-intro] [/LibertyProject] [io.openliberty.guides.rest.SystemApplication]: Initialization successful.
[15/01/2021, 15:19:59:786 GMT] 00000048 com.ibm.ws.http.internal.VirtualHostImpl                     A CWWKT0017I: Web application removed (default_host): http://honeybadger:9080/LibertyProject/
[15/01/2021, 15:19:59:876 GMT] 00000048 com.ibm.ws.webcontainer.servlet                              I SRVE0253I: [guide-rest-intro] [/LibertyProject] [io.openliberty.guides.rest.SystemApplication]: Destroy successful.
[15/01/2021, 15:19:59:882 GMT] 00000048 com.ibm.ws.app.manager.AppMessageHelper                      A CWWKZ0009I: The application guide-rest-intro has stopped successfully.
[15/01/2021, 15:19:59:887 GMT] 00000048 com.ibm.ws.app.manager.AppMessageHelper                      I CWWKZ0018I: Starting application guide-rest-intro.
[15/01/2021, 15:19:59:887 GMT] 00000048 bm.ws.app.manager.war.internal.WARDeployedAppInfoFactoryImpl I CWWKZ0134I: The guide-rest-intro application is using the loose application definition at the F:\apps\guide-rest-intro\start\target\liberty\wlp\usr\servers\defaultServer\apps\guide-rest-intro.war.xml location.
[15/01/2021, 15:19:59:996 GMT] 00000048 com.ibm.ws.webcontainer.osgi.webapp.WebGroup                 I SRVE0169I: Loading Web Module: Liberty Project.
[15/01/2021, 15:19:59:996 GMT] 00000048 com.ibm.ws.webcontainer                                      I SRVE0250I: Web Module Liberty Project has been bound to default_host.
[15/01/2021, 15:19:59:996 GMT] 00000048 com.ibm.ws.http.internal.VirtualHostImpl                     A CWWKT0016I: Web application available (default_host): http://honeybadger:9080/LibertyProject/
[15/01/2021, 15:19:59:999 GMT] 00000048 com.ibm.ws.session.WASSessionCore                            I SESN0176I: A new session context will be created for application key default_host/LibertyProject
[15/01/2021, 15:19:59:999 GMT] 00000048 com.ibm.ws.util                                              I SESN0172I: The session manager is using the Java default SecureRandom implementation for session ID generation.
[15/01/2021, 15:20:00:001 GMT] 00000048 com.ibm.ws.app.manager.AppMessageHelper                      A CWWKZ0003I: The application guide-rest-intro updated in 0.113 seconds.
[15/01/2021, 15:20:00:349 GMT] 00000058 com.ibm.ws.webcontainer.osgi.mbeans.PluginGenerator          I SRVE9103I: A configuration file for a web server plugin was automatically generated for this server at F:\apps\guide-rest-intro\start\target\liberty\wlp\usr\servers\defaultServer\logs\state\plugin-cfg.xml.
[15/01/2021, 15:20:00:694 GMT] 00000048 com.ibm.ws.webcontainer.osgi.mbeans.PluginGenerator          I SRVE9103I: A configuration file for a web server plugin was automatically generated for this server at F:\apps\guide-rest-intro\start\target\liberty\wlp\usr\servers\defaultServer\logs\state\plugin-cfg.xml.
[15/01/2021, 15:20:21:562 GMT] 00000038 com.ibm.ws.http.internal.VirtualHostImpl                     A CWWKT0017I: Web application removed (default_host): http://honeybadger:9080/LibertyProject/
[15/01/2021, 15:20:21:564 GMT] 00000038 com.ibm.ws.app.manager.AppMessageHelper                      A CWWKZ0009I: The application guide-rest-intro has stopped successfully.
[15/01/2021, 15:20:21:567 GMT] 00000038 com.ibm.ws.app.manager.AppMessageHelper                      I CWWKZ0018I: Starting application guide-rest-intro.
[15/01/2021, 15:20:21:568 GMT] 00000038 bm.ws.app.manager.war.internal.WARDeployedAppInfoFactoryImpl I CWWKZ0134I: The guide-rest-intro application is using the loose application definition at the F:\apps\guide-rest-intro\start\target\liberty\wlp\usr\servers\defaultServer\apps\guide-rest-intro.war.xml location.
[15/01/2021, 15:20:21:630 GMT] 00000038 com.ibm.ws.webcontainer.osgi.webapp.WebGroup                 I SRVE0169I: Loading Web Module: Liberty Project.
[15/01/2021, 15:20:21:632 GMT] 00000038 com.ibm.ws.webcontainer                                      I SRVE0250I: Web Module Liberty Project has been bound to default_host.
[15/01/2021, 15:20:21:633 GMT] 00000038 com.ibm.ws.http.internal.VirtualHostImpl                     A CWWKT0016I: Web application available (default_host): http://honeybadger:9080/LibertyProject/
[15/01/2021, 15:20:21:637 GMT] 00000038 com.ibm.ws.session.WASSessionCore                            I SESN0176I: A new session context will be created for application key default_host/LibertyProject
[15/01/2021, 15:20:21:638 GMT] 00000038 com.ibm.ws.util                                              I SESN0172I: The session manager is using the Java default SecureRandom implementation for session ID generation.
[15/01/2021, 15:20:21:648 GMT] 00000038 com.ibm.ws.app.manager.AppMessageHelper                      A CWWKZ0003I: The application guide-rest-intro updated in 0.081 seconds.
[15/01/2021, 15:20:21:844 GMT] 00000059 com.ibm.ws.webcontainer.osgi.mbeans.PluginGenerator          I SRVE9103I: A configuration file for a web server plugin was automatically generated for this server at F:\apps\guide-rest-intro\start\target\liberty\wlp\usr\servers\defaultServer\logs\state\plugin-cfg.xml.
[15/01/2021, 15:20:22:403 GMT] 00000038 com.ibm.ws.webcontainer.osgi.mbeans.PluginGenerator          I SRVE9103I: A configuration file for a web server plugin was automatically generated for this server at F:\apps\guide-rest-intro\start\target\liberty\wlp\usr\servers\defaultServer\logs\state\plugin-cfg.xml.
[15/01/2021, 15:22:33:497 GMT] 00000034 com.ibm.ws.http.internal.VirtualHostImpl                     A CWWKT0017I: Web application removed (default_host): http://honeybadger:9080/LibertyProject/
[15/01/2021, 15:22:33:501 GMT] 00000034 com.ibm.ws.app.manager.AppMessageHelper                      A CWWKZ0009I: The application guide-rest-intro has stopped successfully.
[15/01/2021, 15:22:33:504 GMT] 00000034 com.ibm.ws.app.manager.AppMessageHelper                      I CWWKZ0018I: Starting application guide-rest-intro.
[15/01/2021, 15:22:33:504 GMT] 00000034 bm.ws.app.manager.war.internal.WARDeployedAppInfoFactoryImpl I CWWKZ0134I: The guide-rest-intro application is using the loose application definition at the F:\apps\guide-rest-intro\start\target\liberty\wlp\usr\servers\defaultServer\apps\guide-rest-intro.war.xml location.
[15/01/2021, 15:22:33:537 GMT] 00000034 com.ibm.ws.webcontainer.osgi.webapp.WebGroup                 I SRVE0169I: Loading Web Module: Liberty Project.
[15/01/2021, 15:22:33:537 GMT] 00000034 com.ibm.ws.webcontainer                                      I SRVE0250I: Web Module Liberty Project has been bound to default_host.
[15/01/2021, 15:22:33:537 GMT] 00000034 com.ibm.ws.http.internal.VirtualHostImpl                     A CWWKT0016I: Web application available (default_host): http://honeybadger:9080/LibertyProject/
[15/01/2021, 15:22:33:539 GMT] 00000034 com.ibm.ws.session.WASSessionCore                            I SESN0176I: A new session context will be created for application key default_host/LibertyProject
[15/01/2021, 15:22:33:557 GMT] 00000034 com.ibm.ws.util                                              I SESN0172I: The session manager is using the Java default SecureRandom implementation for session ID generation.
[15/01/2021, 15:22:33:560 GMT] 00000034 com.ibm.ws.app.manager.AppMessageHelper                      A CWWKZ0003I: The application guide-rest-intro updated in 0.056 seconds.
[15/01/2021, 15:22:33:654 GMT] 00000038 com.ibm.ws.webcontainer.osgi.mbeans.PluginGenerator          I SRVE9103I: A configuration file for a web server plugin was automatically generated for this server at F:\apps\guide-rest-intro\start\target\liberty\wlp\usr\servers\defaultServer\logs\state\plugin-cfg.xml.
[15/01/2021, 15:22:33:880 GMT] 00000048 com.ibm.ws.webcontainer.osgi.mbeans.PluginGenerator          I SRVE9103I: A configuration file for a web server plugin was automatically generated for this server at F:\apps\guide-rest-intro\start\target\liberty\wlp\usr\servers\defaultServer\logs\state\plugin-cfg.xml.
[15/01/2021, 15:23:16:018 GMT] 00000034 g.apache.cxf.cxf.core.3.2:1.0.47.cl201220201111-0736(id=95)] I Setting the server's publish address to be /System/
[15/01/2021, 15:23:16:022 GMT] 00000034 com.ibm.ws.webcontainer.servlet                              I SRVE0242I: [guide-rest-intro] [/LibertyProject] [io.openliberty.guides.rest.SystemApplication]: Initialization successful.
[15/01/2021, 15:39:08:274 GMT] 00000038 com.ibm.ws.http.internal.VirtualHostImpl                     A CWWKT0017I: Web application removed (default_host): http://honeybadger:9080/LibertyProject/
[15/01/2021, 15:39:08:275 GMT] 00000038 com.ibm.ws.webcontainer.servlet                              I SRVE0253I: [guide-rest-intro] [/LibertyProject] [io.openliberty.guides.rest.SystemApplication]: Destroy successful.
[15/01/2021, 15:39:08:278 GMT] 00000038 com.ibm.ws.app.manager.AppMessageHelper                      A CWWKZ0009I: The application guide-rest-intro has stopped successfully.
[15/01/2021, 15:39:08:282 GMT] 00000038 com.ibm.ws.app.manager.AppMessageHelper                      I CWWKZ0018I: Starting application guide-rest-intro.
[15/01/2021, 15:39:08:282 GMT] 00000038 bm.ws.app.manager.war.internal.WARDeployedAppInfoFactoryImpl I CWWKZ0134I: The guide-rest-intro application is using the loose application definition at the F:\apps\guide-rest-intro\start\target\liberty\wlp\usr\servers\defaultServer\apps\guide-rest-intro.war.xml location.
[15/01/2021, 15:39:08:309 GMT] 00000038 com.ibm.ws.webcontainer.osgi.webapp.WebGroup                 I SRVE0169I: Loading Web Module: Liberty Project.
[15/01/2021, 15:39:08:309 GMT] 00000038 com.ibm.ws.webcontainer                                      I SRVE0250I: Web Module Liberty Project has been bound to default_host.
[15/01/2021, 15:39:08:310 GMT] 00000038 com.ibm.ws.http.internal.VirtualHostImpl                     A CWWKT0016I: Web application available (default_host): http://honeybadger:9080/LibertyProject/
[15/01/2021, 15:39:08:312 GMT] 00000038 com.ibm.ws.session.WASSessionCore                            I SESN0176I: A new session context will be created for application key default_host/LibertyProject
[15/01/2021, 15:39:08:313 GMT] 00000038 com.ibm.ws.util                                              I SESN0172I: The session manager is using the Java default SecureRandom implementation for session ID generation.
[15/01/2021, 15:39:08:314 GMT] 00000038 com.ibm.ws.app.manager.AppMessageHelper                      A CWWKZ0003I: The application guide-rest-intro updated in 0.032 seconds.
[15/01/2021, 15:39:08:400 GMT] 0000002a com.ibm.ws.webcontainer.osgi.mbeans.PluginGenerator          I SRVE9103I: A configuration file for a web server plugin was automatically generated for this server at F:\apps\guide-rest-intro\start\target\liberty\wlp\usr\servers\defaultServer\logs\state\plugin-cfg.xml.
[15/01/2021, 15:39:08:487 GMT] 00000064 com.ibm.ws.webcontainer.osgi.mbeans.PluginGenerator          I SRVE9103I: A configuration file for a web server plugin was automatically generated for this server at F:\apps\guide-rest-intro\start\target\liberty\wlp\usr\servers\defaultServer\logs\state\plugin-cfg.xml.
[15/01/2021, 15:39:37:762 GMT] 0000005f com.ibm.ws.http.internal.VirtualHostImpl                     A CWWKT0017I: Web application removed (default_host): http://honeybadger:9080/LibertyProject/
[15/01/2021, 15:39:37:766 GMT] 0000005f com.ibm.ws.app.manager.AppMessageHelper                      A CWWKZ0009I: The application guide-rest-intro has stopped successfully.
[15/01/2021, 15:39:37:769 GMT] 0000005f com.ibm.ws.app.manager.AppMessageHelper                      I CWWKZ0018I: Starting application guide-rest-intro.
[15/01/2021, 15:39:37:769 GMT] 0000005f bm.ws.app.manager.war.internal.WARDeployedAppInfoFactoryImpl I CWWKZ0134I: The guide-rest-intro application is using the loose application definition at the F:\apps\guide-rest-intro\start\target\liberty\wlp\usr\servers\defaultServer\apps\guide-rest-intro.war.xml location.
[15/01/2021, 15:39:37:808 GMT] 0000005f com.ibm.ws.webcontainer.osgi.webapp.WebGroup                 I SRVE0169I: Loading Web Module: Liberty Project.
[15/01/2021, 15:39:37:808 GMT] 0000005f com.ibm.ws.webcontainer                                      I SRVE0250I: Web Module Liberty Project has been bound to default_host.
[15/01/2021, 15:39:37:808 GMT] 0000005f com.ibm.ws.http.internal.VirtualHostImpl                     A CWWKT0016I: Web application available (default_host): http://honeybadger:9080/LibertyProject/
[15/01/2021, 15:39:37:812 GMT] 00000058 com.ibm.ws.session.WASSessionCore                            I SESN0176I: A new session context will be created for application key default_host/LibertyProject
[15/01/2021, 15:39:37:812 GMT] 00000058 com.ibm.ws.util                                              I SESN0172I: The session manager is using the Java default SecureRandom implementation for session ID generation.
[15/01/2021, 15:39:37:814 GMT] 00000058 com.ibm.ws.app.manager.AppMessageHelper                      A CWWKZ0003I: The application guide-rest-intro updated in 0.045 seconds.
[15/01/2021, 15:39:37:909 GMT] 00000034 com.ibm.ws.webcontainer.osgi.mbeans.PluginGenerator          I SRVE9103I: A configuration file for a web server plugin was automatically generated for this server at F:\apps\guide-rest-intro\start\target\liberty\wlp\usr\servers\defaultServer\logs\state\plugin-cfg.xml.
[15/01/2021, 15:39:38:027 GMT] 0000005c com.ibm.ws.webcontainer.osgi.mbeans.PluginGenerator          I SRVE9103I: A configuration file for a web server plugin was automatically generated for this server at F:\apps\guide-rest-intro\start\target\liberty\wlp\usr\servers\defaultServer\logs\state\plugin-cfg.xml.
[15/01/2021, 15:39:41:119 GMT] 00000058 g.apache.cxf.cxf.core.3.2:1.0.47.cl201220201111-0736(id=95)] I Setting the server's publish address to be /System/
[15/01/2021, 15:39:41:123 GMT] 00000058 com.ibm.ws.webcontainer.servlet                              I SRVE0242I: [guide-rest-intro] [/LibertyProject] [io.openliberty.guides.rest.SystemApplication]: Initialization successful.
[15/01/2021, 15:39:58:234 GMT] 00000034 com.ibm.ws.http.internal.VirtualHostImpl                     A CWWKT0017I: Web application removed (default_host): http://honeybadger:9080/LibertyProject/
[15/01/2021, 15:39:58:236 GMT] 00000034 com.ibm.ws.webcontainer.servlet                              I SRVE0253I: [guide-rest-intro] [/LibertyProject] [io.openliberty.guides.rest.SystemApplication]: Destroy successful.
[15/01/2021, 15:39:58:239 GMT] 00000034 com.ibm.ws.app.manager.AppMessageHelper                      A CWWKZ0009I: The application guide-rest-intro has stopped successfully.
[15/01/2021, 15:39:58:242 GMT] 00000034 com.ibm.ws.app.manager.AppMessageHelper                      I CWWKZ0018I: Starting application guide-rest-intro.
[15/01/2021, 15:39:58:243 GMT] 00000034 bm.ws.app.manager.war.internal.WARDeployedAppInfoFactoryImpl I CWWKZ0134I: The guide-rest-intro application is using the loose application definition at the F:\apps\guide-rest-intro\start\target\liberty\wlp\usr\servers\defaultServer\apps\guide-rest-intro.war.xml location.
[15/01/2021, 15:39:58:278 GMT] 00000034 com.ibm.ws.webcontainer.osgi.webapp.WebGroup                 I SRVE0169I: Loading Web Module: Liberty Project.
[15/01/2021, 15:39:58:278 GMT] 00000034 com.ibm.ws.webcontainer                                      I SRVE0250I: Web Module Liberty Project has been bound to default_host.
[15/01/2021, 15:39:58:278 GMT] 00000034 com.ibm.ws.http.internal.VirtualHostImpl                     A CWWKT0016I: Web application available (default_host): http://honeybadger:9080/LibertyProject/
[15/01/2021, 15:39:58:281 GMT] 0000005c com.ibm.ws.session.WASSessionCore                            I SESN0176I: A new session context will be created for application key default_host/LibertyProject
[15/01/2021, 15:39:58:282 GMT] 0000005c com.ibm.ws.util                                              I SESN0172I: The session manager is using the Java default SecureRandom implementation for session ID generation.
[15/01/2021, 15:39:58:283 GMT] 0000005c com.ibm.ws.app.manager.AppMessageHelper                      A CWWKZ0003I: The application guide-rest-intro updated in 0.041 seconds.
[15/01/2021, 15:39:58:364 GMT] 00000058 com.ibm.ws.webcontainer.osgi.mbeans.PluginGenerator          I SRVE9103I: A configuration file for a web server plugin was automatically generated for this server at F:\apps\guide-rest-intro\start\target\liberty\wlp\usr\servers\defaultServer\logs\state\plugin-cfg.xml.
[15/01/2021, 15:39:58:454 GMT] 00000034 com.ibm.ws.webcontainer.osgi.mbeans.PluginGenerator          I SRVE9103I: A configuration file for a web server plugin was automatically generated for this server at F:\apps\guide-rest-intro\start\target\liberty\wlp\usr\servers\defaultServer\logs\state\plugin-cfg.xml.
[15/01/2021, 15:39:59:282 GMT] 00000058 g.apache.cxf.cxf.core.3.2:1.0.47.cl201220201111-0736(id=95)] I Setting the server's publish address to be /System/
[15/01/2021, 15:39:59:286 GMT] 00000058 com.ibm.ws.webcontainer.servlet                              I SRVE0242I: [guide-rest-intro] [/LibertyProject] [io.openliberty.guides.rest.SystemApplication]: Initialization successful.
[15/01/2021, 15:40:35:743 GMT] 0000005f com.ibm.ws.http.internal.VirtualHostImpl                     A CWWKT0017I: Web application removed (default_host): http://honeybadger:9080/LibertyProject/
[15/01/2021, 15:40:35:745 GMT] 0000005f com.ibm.ws.webcontainer.servlet                              I SRVE0253I: [guide-rest-intro] [/LibertyProject] [io.openliberty.guides.rest.SystemApplication]: Destroy successful.
[15/01/2021, 15:40:35:753 GMT] 0000005f com.ibm.ws.app.manager.AppMessageHelper                      A CWWKZ0009I: The application guide-rest-intro has stopped successfully.
[15/01/2021, 15:40:35:758 GMT] 0000005f com.ibm.ws.app.manager.AppMessageHelper                      I CWWKZ0018I: Starting application guide-rest-intro.
[15/01/2021, 15:40:35:758 GMT] 0000005f bm.ws.app.manager.war.internal.WARDeployedAppInfoFactoryImpl I CWWKZ0134I: The guide-rest-intro application is using the loose application definition at the F:\apps\guide-rest-intro\start\target\liberty\wlp\usr\servers\defaultServer\apps\guide-rest-intro.war.xml location.
[15/01/2021, 15:40:35:784 GMT] 0000005f com.ibm.ws.webcontainer.osgi.webapp.WebGroup                 I SRVE0169I: Loading Web Module: Liberty Project.
[15/01/2021, 15:40:35:784 GMT] 0000005f com.ibm.ws.webcontainer                                      I SRVE0250I: Web Module Liberty Project has been bound to default_host.
[15/01/2021, 15:40:35:784 GMT] 0000005f com.ibm.ws.http.internal.VirtualHostImpl                     A CWWKT0016I: Web application available (default_host): http://honeybadger:9080/LibertyProject/
[15/01/2021, 15:40:35:786 GMT] 00000064 com.ibm.ws.session.WASSessionCore                            I SESN0176I: A new session context will be created for application key default_host/LibertyProject
[15/01/2021, 15:40:35:787 GMT] 00000064 com.ibm.ws.util                                              I SESN0172I: The session manager is using the Java default SecureRandom implementation for session ID generation.
[15/01/2021, 15:40:35:788 GMT] 00000064 com.ibm.ws.app.manager.AppMessageHelper                      A CWWKZ0003I: The application guide-rest-intro updated in 0.030 seconds.
[15/01/2021, 15:40:35:885 GMT] 0000002a com.ibm.ws.webcontainer.osgi.mbeans.PluginGenerator          I SRVE9103I: A configuration file for a web server plugin was automatically generated for this server at F:\apps\guide-rest-intro\start\target\liberty\wlp\usr\servers\defaultServer\logs\state\plugin-cfg.xml.
[15/01/2021, 15:40:35:974 GMT] 0000005f com.ibm.ws.webcontainer.osgi.mbeans.PluginGenerator          I SRVE9103I: A configuration file for a web server plugin was automatically generated for this server at F:\apps\guide-rest-intro\start\target\liberty\wlp\usr\servers\defaultServer\logs\state\plugin-cfg.xml.
[15/01/2021, 15:40:36:237 GMT] 00000067 g.apache.cxf.cxf.core.3.2:1.0.47.cl201220201111-0736(id=95)] I Setting the server's publish address to be /System/
[15/01/2021, 15:40:36:242 GMT] 00000067 com.ibm.ws.webcontainer.servlet                              I SRVE0242I: [guide-rest-intro] [/LibertyProject] [io.openliberty.guides.rest.SystemApplication]: Initialization successful.
[15/01/2021, 15:48:09:121 GMT] 0000006c com.ibm.ws.http.internal.VirtualHostImpl                     A CWWKT0017I: Web application removed (default_host): http://honeybadger:9080/LibertyProject/
[15/01/2021, 15:48:09:122 GMT] 0000006c com.ibm.ws.webcontainer.servlet                              I SRVE0253I: [guide-rest-intro] [/LibertyProject] [io.openliberty.guides.rest.SystemApplication]: Destroy successful.
[15/01/2021, 15:48:09:125 GMT] 0000006c com.ibm.ws.app.manager.AppMessageHelper                      A CWWKZ0009I: The application guide-rest-intro has stopped successfully.
[15/01/2021, 15:48:09:128 GMT] 0000006c com.ibm.ws.app.manager.AppMessageHelper                      I CWWKZ0018I: Starting application guide-rest-intro.
[15/01/2021, 15:48:09:128 GMT] 0000006c bm.ws.app.manager.war.internal.WARDeployedAppInfoFactoryImpl I CWWKZ0134I: The guide-rest-intro application is using the loose application definition at the F:\apps\guide-rest-intro\start\target\liberty\wlp\usr\servers\defaultServer\apps\guide-rest-intro.war.xml location.
[15/01/2021, 15:48:09:159 GMT] 0000006c com.ibm.ws.webcontainer.osgi.webapp.WebGroup                 I SRVE0169I: Loading Web Module: Liberty Project.
[15/01/2021, 15:48:09:159 GMT] 0000006c com.ibm.ws.webcontainer                                      I SRVE0250I: Web Module Liberty Project has been bound to default_host.
[15/01/2021, 15:48:09:159 GMT] 0000006c com.ibm.ws.http.internal.VirtualHostImpl                     A CWWKT0016I: Web application available (default_host): http://honeybadger:9080/LibertyProject/
[15/01/2021, 15:48:09:161 GMT] 0000006c com.ibm.ws.session.WASSessionCore                            I SESN0176I: A new session context will be created for application key default_host/LibertyProject
[15/01/2021, 15:48:09:161 GMT] 0000006c com.ibm.ws.util                                              I SESN0172I: The session manager is using the Java default SecureRandom implementation for session ID generation.
[15/01/2021, 15:48:09:162 GMT] 0000006c com.ibm.ws.app.manager.AppMessageHelper                      A CWWKZ0003I: The application guide-rest-intro updated in 0.034 seconds.
[15/01/2021, 15:48:09:263 GMT] 0000002a com.ibm.ws.webcontainer.osgi.mbeans.PluginGenerator          I SRVE9103I: A configuration file for a web server plugin was automatically generated for this server at F:\apps\guide-rest-intro\start\target\liberty\wlp\usr\servers\defaultServer\logs\state\plugin-cfg.xml.
[15/01/2021, 15:48:09:352 GMT] 0000006a com.ibm.ws.webcontainer.osgi.mbeans.PluginGenerator          I SRVE9103I: A configuration file for a web server plugin was automatically generated for this server at F:\apps\guide-rest-intro\start\target\liberty\wlp\usr\servers\defaultServer\logs\state\plugin-cfg.xml.
[15/01/2021, 15:48:11:818 GMT] 00000067 g.apache.cxf.cxf.core.3.2:1.0.47.cl201220201111-0736(id=95)] I Setting the server's publish address to be /System/
[15/01/2021, 15:48:11:822 GMT] 00000067 com.ibm.ws.webcontainer.servlet                              I SRVE0242I: [guide-rest-intro] [/LibertyProject] [io.openliberty.guides.rest.SystemApplication]: Initialization successful.
[15/01/2021, 15:55:56:333 GMT] 00000015 com.ibm.ws.kernel.launch.internal.ServerCommandListener      A CWWKE0055I: Server shutdown requested on Friday, 15 January 2021 at 15:55. The server defaultServer is shutting down.
[15/01/2021, 15:55:56:336 GMT] 0000006e com.ibm.ws.runtime.update.internal.RuntimeUpdateManagerImpl  A CWWKE1100I: Waiting for up to 30 seconds for the server to quiesce.
[15/01/2021, 15:55:56:342 GMT] 00000067 com.ibm.ws.tcpchannel.internal.TCPChannel                    I CWWKO0220I: TCP Channel defaultHttpEndpoint has stopped listening for requests on host *  (IPv6) port 9080.
[15/01/2021, 15:55:56:343 GMT] 00000067 com.ibm.ws.http.internal.VirtualHostImpl                     A CWWKT0017I: Web application removed (default_host): http://honeybadger:9080/LibertyProject/
[15/01/2021, 15:55:56:345 GMT] 0000006e com.ibm.ws.runtime.update.internal.RuntimeUpdateManagerImpl  I CWWKE1101I: Server quiesce complete.
[15/01/2021, 15:55:56:359 GMT] 00000038 com.ibm.ws.webcontainer.servlet                              I SRVE0253I: [guide-rest-intro] [/LibertyProject] [io.openliberty.guides.rest.SystemApplication]: Destroy successful.
[15/01/2021, 15:55:56:362 GMT] 00000038 com.ibm.ws.app.manager.AppMessageHelper                      A CWWKZ0009I: The application guide-rest-intro has stopped successfully.
[15/01/2021, 15:55:56:600 GMT] 00000001 com.ibm.ws.kernel.launch.internal.FrameworkManager           A CWWKE0036I: The server defaultServer stopped after 1 hours, 19 minutes, 56.058 seconds.
